<?xml version="1.0" encoding="UTF-8"?>
<!-- Generated by org.testng.reporters.JUnitXMLReporter -->
<testsuite ignored="0" hostname="elzevir-N56VB" failures="0" tests="17" name="Default test" time="107.449" errors="0" timestamp="2022-01-18T21:19:15 ART">
  <testcase classname="DeckBuildTest.TestDeckBuild" name="test_1_Navegacion" time="30.991"/>
  <testcase classname="DeckBuildTest.TestDeckBuild" name="test_2_Construccion" time="1.936"/>
  <testcase classname="DeckBuildTest.TestDeckBuild" name="test_2_Construccion" time="1.879"/>
  <testcase classname="DeckBuildTest.TestDeckBuild" name="test_2_Construccion" time="3.262"/>
  <testcase classname="DeckBuildTest.TestDeckBuild" name="test_2_Construccion" time="2.164"/>
  <testcase classname="DeckBuildTest.TestDeckBuild" name="test_2_Construccion" time="2.589"/>
  <testcase classname="DeckBuildTest.TestDeckBuild" name="test_2_Construccion" time="1.791"/>
  <testcase classname="DeckBuildTest.TestDeckBuild" name="test_2_Construccion" time="1.892"/>
  <testcase classname="DeckBuildTest.TestDeckBuild" name="test_2_Construccion" time="1.893"/>
  <testcase classname="DeckBuildTest.TestDeckBuild" name="test_2_Construccion" time="1.173"/>
  <testcase classname="DeckBuildTest.TestDeckBuild" name="test_2_Construccion" time="1.2"/>
  <testcase classname="DeckBuildTest.TestDeckBuild" name="test_2_Construccion" time="1.684"/>
  <testcase classname="DeckBuildTest.TestDeckBuild" name="test_2_Construccion" time="1.605"/>
  <testcase classname="DeckBuildTest.TestDeckBuild" name="test_2_Construccion" time="9.173"/>
  <testcase classname="DeckBuildTest.TestDeckBuild" name="test_2_Construccion" time="1.138"/>
  <testcase classname="DeckBuildTest.TestDeckBuild" name="test_2_Construccion" time="1.838"/>
  <testcase classname="DeckBuildTest.TestDeckBuild" name="test_3_Code" time="0.207"/>
</testsuite> <!-- Default test -->
