<?xml version="1.0" encoding="UTF-8"?>
<!-- Generated by org.testng.reporters.JUnitXMLReporter -->
<testsuite ignored="0" hostname="elzevir-N56VB" failures="0" tests="17" name="Default test" time="110.264" errors="0" timestamp="2022-02-23T12:38:25 ART">
  <testcase classname="DeckBuildTest.TestDeckBuild" name="test_1_Navegacion" time="46.015"/>
  <testcase classname="DeckBuildTest.TestDeckBuild" name="test_2_Construccion" time="2.204"/>
  <testcase classname="DeckBuildTest.TestDeckBuild" name="test_2_Construccion" time="2.499"/>
  <testcase classname="DeckBuildTest.TestDeckBuild" name="test_2_Construccion" time="4.031"/>
  <testcase classname="DeckBuildTest.TestDeckBuild" name="test_2_Construccion" time="2.211"/>
  <testcase classname="DeckBuildTest.TestDeckBuild" name="test_2_Construccion" time="1.987"/>
  <testcase classname="DeckBuildTest.TestDeckBuild" name="test_2_Construccion" time="2.012"/>
  <testcase classname="DeckBuildTest.TestDeckBuild" name="test_2_Construccion" time="2.319"/>
  <testcase classname="DeckBuildTest.TestDeckBuild" name="test_2_Construccion" time="2.532"/>
  <testcase classname="DeckBuildTest.TestDeckBuild" name="test_2_Construccion" time="1.376"/>
  <testcase classname="DeckBuildTest.TestDeckBuild" name="test_2_Construccion" time="1.664"/>
  <testcase classname="DeckBuildTest.TestDeckBuild" name="test_2_Construccion" time="2.621"/>
  <testcase classname="DeckBuildTest.TestDeckBuild" name="test_2_Construccion" time="2.613"/>
  <testcase classname="DeckBuildTest.TestDeckBuild" name="test_2_Construccion" time="1.127"/>
  <testcase classname="DeckBuildTest.TestDeckBuild" name="test_2_Construccion" time="1.354"/>
  <testcase classname="DeckBuildTest.TestDeckBuild" name="test_2_Construccion" time="1.797"/>
  <testcase classname="DeckBuildTest.TestDeckBuild" name="test_3_Code" time="0.109"/>
</testsuite> <!-- Default test -->
