<html>
<head>
<title>TestNG:  Default test</title>
<link href="../testng.css" rel="stylesheet" type="text/css" />
<link href="../my-testng.css" rel="stylesheet" type="text/css" />

<style type="text/css">
.log { display: none;} 
.stack-trace { display: none;} 
</style>
<script type="text/javascript">
<!--
function flip(e) {
  current = e.style.display;
  if (current == 'block') {
    e.style.display = 'none';
    return 0;
  }
  else {
    e.style.display = 'block';
    return 1;
  }
}

function toggleBox(szDivId, elem, msg1, msg2)
{
  var res = -1;  if (document.getElementById) {
    res = flip(document.getElementById(szDivId));
  }
  else if (document.all) {
    // this is the way old msie versions work
    res = flip(document.all[szDivId]);
  }
  if(elem) {
    if(res == 0) elem.innerHTML = msg1; else elem.innerHTML = msg2;
  }

}

function toggleAllBoxes() {
  if (document.getElementsByTagName) {
    d = document.getElementsByTagName('div');
    for (i = 0; i < d.length; i++) {
      if (d[i].className == 'log') {
        flip(d[i]);
      }
    }
  }
}

// -->
</script>

</head>
<body>
<h2 align='center'>Default test</h2><table border='1' align="center">
<tr>
<td>Tests passed/Failed/Skipped:</td><td>16/1/0</td>
</tr><tr>
<td>Started on:</td><td>Mon Jan 17 20:31:53 ART 2022</td>
</tr>
<tr><td>Total time:</td><td>69 seconds (69210 ms)</td>
</tr><tr>
<td>Included groups:</td><td></td>
</tr><tr>
<td>Excluded groups:</td><td></td>
</tr>
</table><p/>
<small><i>(Hover the method name to see the test class name)</i></small><p/>
<table width='100%' border='1' class='invocation-failed'>
<tr><td colspan='4' align='center'><b>FAILED TESTS</b></td></tr>
<tr><td><b>Test method</b></td>
<td width="30%"><b>Exception</b></td>
<td width="10%"><b>Time (seconds)</b></td>
<td><b>Instance</b></td>
</tr>
<tr>
<td title='DeckBuildTest.TestDeckBuild.test_1_Navegacion()'><b>test_1_Navegacion</b><br>Test class: DeckBuildTest.TestDeckBuild</td>
<td><div><pre>org.openqa.selenium.NoSuchElementException: no such element: Unable to locate element: {&quot;method&quot;:&quot;xpath&quot;,&quot;selector&quot;:&quot;//p[text()=&apos;Rotaci贸n&apos;]&quot;}
  (Session info: chrome=97.0.4692.71)
For documentation on this error, please visit: https://selenium.dev/exceptions/#no_such_element
Build info: version: &apos;4.1.1&apos;, revision: &apos;e8fcc2cecf&apos;
System info: host: &apos;elzevir-N56VB&apos;, ip: &apos;127.0.1.1&apos;, os.name: &apos;Linux&apos;, os.arch: &apos;amd64&apos;, os.version: &apos;5.11.0-46-generic&apos;, java.version: &apos;16.0.2&apos;
Driver info: org.openqa.selenium.chrome.ChromeDriver
Command: [8440ce8e036718e47202e3cf4bdd3371, findElement {using=xpath, value=//p[text()=&apos;Rotaci贸n&apos;]}]
Capabilities {acceptInsecureCerts: false, browserName: chrome, browserVersion: 97.0.4692.71, chrome: {chromedriverVersion: 97.0.4692.71 (adefa7837d02a..., userDataDir: /tmp/.com.google.Chrome.QXLGjg}, goog:chromeOptions: {debuggerAddress: localhost:34599}, javascriptEnabled: true, networkConnectionEnabled: false, pageLoadStrategy: normal, platform: LINUX, platformName: LINUX, proxy: Proxy(), se:cdp: ws://localhost:34599/devtoo..., se:cdpVersion: 97.0.4692.71, setWindowRect: true, strictFileInteractability: false, timeouts: {implicit: 0, pageLoad: 300000, script: 30000}, unhandledPromptBehavior: dismiss and notify, webauthn:extension:credBlob: true, webauthn:extension:largeBlob: true, webauthn:virtualAuthenticators: true}
Session ID: 8440ce8e036718e47202e3cf4bdd3371
	at java.base/jdk.internal.reflect.NativeConstructorAccessorImpl.newInstance0(Native Method)
	at java.base/jdk.internal.reflect.NativeConstructorAccessorImpl.newInstance(NativeConstructorAccessorImpl.java:78)
	at java.base/jdk.internal.reflect.DelegatingConstructorAccessorImpl.newInstance(DelegatingConstructorAccessorImpl.java:45)
	at java.base/java.lang.reflect.Constructor.newInstanceWithCaller(Constructor.java:499)
	at java.base/java.lang.reflect.Constructor.newInstance(Constructor.java:480)
	at org.openqa.selenium.remote.codec.w3c.W3CHttpResponseCodec.createException(W3CHttpResponseCodec.java:200)
	at org.openqa.selenium.remote.codec.w3c.W3CHttpResponseCodec.decode(W3CHttpResponseCodec.java:133)
	at org.openqa.selenium.remote.codec.w3c.W3CHttpResponseCodec.decode(W3CHttpResponseCodec.java:53)
	at org.openqa.selenium.remote.HttpCommandExecutor.execute(HttpCommandExecutor.java:184)
	at org.openqa.selenium.remote.service.DriverCommandExecutor.invokeExecute(DriverCommandExecutor.java:167)
	at org.openqa.selenium.remote.service.DriverCommandExecutor.execute(DriverCommandExecutor.java:142)
	at org.openqa.selenium.remote.RemoteWebDriver.execute(RemoteWebDriver.java:543)
	at org.openqa.selenium.remote.ElementLocation$ElementFinder$2.findElement(ElementLocation.java:162)
	at org.openqa.selenium.remote.ElementLocation.findElement(ElementLocation.java:60)
	at org.openqa.selenium.remote.RemoteWebDriver.findElement(RemoteWebDriver.java:367)
	at org.openqa.selenium.remote.RemoteWebDriver.findElement(RemoteWebDriver.java:359)
	at org.openqa.selenium.support.pagefactory.DefaultElementLocator.findElement(DefaultElementLocator.java:70)
	at org.openqa.selenium.support.pagefactory.internal.LocatingElementHandler.invoke(LocatingElementHandler.java:39)
	at jdk.proxy2/jdk.proxy2.$Proxy18.isDisplayed(Unknown Source)
	at PageModel.ShadowDeck.checkClickIlimitado(ShadowDeck.java:59)
	at DeckBuildTest.TestDeckBuild.test_1_Navegacion(TestDeckBuild.java:53)
	at java.base/jdk.internal.reflect.NativeMethodAccessorImpl.invoke0(Native Method)
	at java.base/jdk.internal.reflect.NativeMethodAccessorImpl.invoke(NativeMethodAccessorImpl.java:78)
	at java.base/jdk.internal.reflect.DelegatingMethodAccessorImpl.invoke(DelegatingMethodAccessorImpl.java:43)
	at java.base/java.lang.reflect.Method.invoke(Method.java:567)
	at org.testng.internal.MethodInvocationHelper.invokeMethod(MethodInvocationHelper.java:133)
	at org.testng.internal.TestInvoker.invokeMethod(TestInvoker.java:598)
	at org.testng.internal.TestInvoker.invokeTestMethod(TestInvoker.java:173)
	at org.testng.internal.MethodRunner.runInSequence(MethodRunner.java:46)
	at org.testng.internal.TestInvoker$MethodInvocationAgent.invoke(TestInvoker.java:824)
	at org.testng.internal.TestInvoker.invokeTestMethods(TestInvoker.java:146)
	at org.testng.internal.TestMethodWorker.invokeTestMethods(TestMethodWorker.java:146)
	at org.testng.internal.TestMethodWorker.run(TestMethodWorker.java:128)
	at java.base/java.util.ArrayList.forEach(ArrayList.java:1511)
	at org.testng.TestRunner.privateRun(TestRunner.java:794)
	at org.testng.TestRunner.run(TestRunner.java:596)
	at org.testng.SuiteRunner.runTest(SuiteRunner.java:377)
	at org.testng.SuiteRunner.runSequentially(SuiteRunner.java:371)
	at org.testng.SuiteRunner.privateRun(SuiteRunner.java:332)
	at org.testng.SuiteRunner.run(SuiteRunner.java:276)
	at org.testng.SuiteRunnerWorker.runSuite(SuiteRunnerWorker.java:53)
	at org.testng.SuiteRunnerWorker.run(SuiteRunnerWorker.java:96)
	at org.testng.TestNG.runSuitesSequentially(TestNG.java:1212)
	at org.testng.TestNG.runSuitesLocally(TestNG.java:1134)
	at org.testng.TestNG.runSuites(TestNG.java:1063)
	at org.testng.TestNG.run(TestNG.java:1031)
	at org.testng.remote.AbstractRemoteTestNG.run(AbstractRemoteTestNG.java:115)
	at org.testng.remote.RemoteTestNG.initAndRun(RemoteTestNG.java:251)
	at org.testng.remote.RemoteTestNG.main(RemoteTestNG.java:77)
</pre></div><a href='#' onClick='toggleBox("stack-trace1137013089", this, "Click to show all stack frames", "Click to hide stack frames")'>Click to show all stack frames</a>
<div class='stack-trace' id='stack-trace1137013089'><pre>org.openqa.selenium.NoSuchElementException: no such element: Unable to locate element: {&quot;method&quot;:&quot;xpath&quot;,&quot;selector&quot;:&quot;//p[text()=&apos;Rotaci贸n&apos;]&quot;}
  (Session info: chrome=97.0.4692.71)
For documentation on this error, please visit: https://selenium.dev/exceptions/#no_such_element
Build info: version: &apos;4.1.1&apos;, revision: &apos;e8fcc2cecf&apos;
System info: host: &apos;elzevir-N56VB&apos;, ip: &apos;127.0.1.1&apos;, os.name: &apos;Linux&apos;, os.arch: &apos;amd64&apos;, os.version: &apos;5.11.0-46-generic&apos;, java.version: &apos;16.0.2&apos;
Driver info: org.openqa.selenium.chrome.ChromeDriver
Command: [8440ce8e036718e47202e3cf4bdd3371, findElement {using=xpath, value=//p[text()=&apos;Rotaci贸n&apos;]}]
Capabilities {acceptInsecureCerts: false, browserName: chrome, browserVersion: 97.0.4692.71, chrome: {chromedriverVersion: 97.0.4692.71 (adefa7837d02a..., userDataDir: /tmp/.com.google.Chrome.QXLGjg}, goog:chromeOptions: {debuggerAddress: localhost:34599}, javascriptEnabled: true, networkConnectionEnabled: false, pageLoadStrategy: normal, platform: LINUX, platformName: LINUX, proxy: Proxy(), se:cdp: ws://localhost:34599/devtoo..., se:cdpVersion: 97.0.4692.71, setWindowRect: true, strictFileInteractability: false, timeouts: {implicit: 0, pageLoad: 300000, script: 30000}, unhandledPromptBehavior: dismiss and notify, webauthn:extension:credBlob: true, webauthn:extension:largeBlob: true, webauthn:virtualAuthenticators: true}
Session ID: 8440ce8e036718e47202e3cf4bdd3371
	at java.base/jdk.internal.reflect.NativeConstructorAccessorImpl.newInstance0(Native Method)
	at java.base/jdk.internal.reflect.NativeConstructorAccessorImpl.newInstance(NativeConstructorAccessorImpl.java:78)
	at java.base/jdk.internal.reflect.DelegatingConstructorAccessorImpl.newInstance(DelegatingConstructorAccessorImpl.java:45)
	at java.base/java.lang.reflect.Constructor.newInstanceWithCaller(Constructor.java:499)
	at java.base/java.lang.reflect.Constructor.newInstance(Constructor.java:480)
	at org.openqa.selenium.remote.codec.w3c.W3CHttpResponseCodec.createException(W3CHttpResponseCodec.java:200)
	at org.openqa.selenium.remote.codec.w3c.W3CHttpResponseCodec.decode(W3CHttpResponseCodec.java:133)
	at org.openqa.selenium.remote.codec.w3c.W3CHttpResponseCodec.decode(W3CHttpResponseCodec.java:53)
	at org.openqa.selenium.remote.HttpCommandExecutor.execute(HttpCommandExecutor.java:184)
	at org.openqa.selenium.remote.service.DriverCommandExecutor.invokeExecute(DriverCommandExecutor.java:167)
	at org.openqa.selenium.remote.service.DriverCommandExecutor.execute(DriverCommandExecutor.java:142)
	at org.openqa.selenium.remote.RemoteWebDriver.execute(RemoteWebDriver.java:543)
	at org.openqa.selenium.remote.ElementLocation$ElementFinder$2.findElement(ElementLocation.java:162)
	at org.openqa.selenium.remote.ElementLocation.findElement(ElementLocation.java:60)
	at org.openqa.selenium.remote.RemoteWebDriver.findElement(RemoteWebDriver.java:367)
	at org.openqa.selenium.remote.RemoteWebDriver.findElement(RemoteWebDriver.java:359)
	at org.openqa.selenium.support.pagefactory.DefaultElementLocator.findElement(DefaultElementLocator.java:70)
	at org.openqa.selenium.support.pagefactory.internal.LocatingElementHandler.invoke(LocatingElementHandler.java:39)
	at jdk.proxy2/jdk.proxy2.$Proxy18.isDisplayed(Unknown Source)
	at PageModel.ShadowDeck.checkClickIlimitado(ShadowDeck.java:59)
	at DeckBuildTest.TestDeckBuild.test_1_Navegacion(TestDeckBuild.java:53)
	at java.base/jdk.internal.reflect.NativeMethodAccessorImpl.invoke0(Native Method)
	at java.base/jdk.internal.reflect.NativeMethodAccessorImpl.invoke(NativeMethodAccessorImpl.java:78)
	at java.base/jdk.internal.reflect.DelegatingMethodAccessorImpl.invoke(DelegatingMethodAccessorImpl.java:43)
	at java.base/java.lang.reflect.Method.invoke(Method.java:567)
	at org.testng.internal.MethodInvocationHelper.invokeMethod(MethodInvocationHelper.java:133)
	at org.testng.internal.TestInvoker.invokeMethod(TestInvoker.java:598)
	at org.testng.internal.TestInvoker.invokeTestMethod(TestInvoker.java:173)
	at org.testng.internal.MethodRunner.runInSequence(MethodRunner.java:46)
	at org.testng.internal.TestInvoker$MethodInvocationAgent.invoke(TestInvoker.java:824)
	at org.testng.internal.TestInvoker.invokeTestMethods(TestInvoker.java:146)
	at org.testng.internal.TestMethodWorker.invokeTestMethods(TestMethodWorker.java:146)
	at org.testng.internal.TestMethodWorker.run(TestMethodWorker.java:128)
	at java.base/java.util.ArrayList.forEach(ArrayList.java:1511)
	at org.testng.TestRunner.privateRun(TestRunner.java:794)
	at org.testng.TestRunner.run(TestRunner.java:596)
	at org.testng.SuiteRunner.runTest(SuiteRunner.java:377)
	at org.testng.SuiteRunner.runSequentially(SuiteRunner.java:371)
	at org.testng.SuiteRunner.privateRun(SuiteRunner.java:332)
	at org.testng.SuiteRunner.run(SuiteRunner.java:276)
	at org.testng.SuiteRunnerWorker.runSuite(SuiteRunnerWorker.java:53)
	at org.testng.SuiteRunnerWorker.run(SuiteRunnerWorker.java:96)
	at org.testng.TestNG.runSuitesSequentially(TestNG.java:1212)
	at org.testng.TestNG.runSuitesLocally(TestNG.java:1134)
	at org.testng.TestNG.runSuites(TestNG.java:1063)
	at org.testng.TestNG.run(TestNG.java:1031)
	at org.testng.remote.AbstractRemoteTestNG.run(AbstractRemoteTestNG.java:115)
	at org.testng.remote.RemoteTestNG.initAndRun(RemoteTestNG.java:251)
	at org.testng.remote.RemoteTestNG.main(RemoteTestNG.java:77)
</pre></div></td>
<td>29</td>
<td>DeckBuildTest.TestDeckBuild@3d246ea3</td></tr>
</table><p>
<table width='100%' border='1' class='invocation-passed'>
<tr><td colspan='4' align='center'><b>PASSED TESTS</b></td></tr>
<tr><td><b>Test method</b></td>
<td width="30%"><b>Exception</b></td>
<td width="10%"><b>Time (seconds)</b></td>
<td><b>Instance</b></td>
</tr>
<tr>
<td title='DeckBuildTest.TestDeckBuild.test_2_Construccion()'><b>test_2_Construccion</b><br>Test class: DeckBuildTest.TestDeckBuild<br>Parameters: //img[@src='https://shadowverse-portal.com/image/card/phase2/common/C/C_121631010.png?202216151'], 2</td>
<td></td>
<td>1</td>
<td>DeckBuildTest.TestDeckBuild@3d246ea3</td></tr>
<tr>
<td title='DeckBuildTest.TestDeckBuild.test_2_Construccion()'><b>test_2_Construccion</b><br>Test class: DeckBuildTest.TestDeckBuild<br>Parameters: //img[@src='https://shadowverse-portal.com/image/card/phase2/common/C/C_122613010.png?202216151'], 3</td>
<td></td>
<td>2</td>
<td>DeckBuildTest.TestDeckBuild@3d246ea3</td></tr>
<tr>
<td title='DeckBuildTest.TestDeckBuild.test_2_Construccion()'><b>test_2_Construccion</b><br>Test class: DeckBuildTest.TestDeckBuild<br>Parameters: //img[@src='https://shadowverse-portal.com/image/card/phase2/common/C/C_122621020.png?202216151'], 3</td>
<td></td>
<td>2</td>
<td>DeckBuildTest.TestDeckBuild@3d246ea3</td></tr>
<tr>
<td title='DeckBuildTest.TestDeckBuild.test_2_Construccion()'><b>test_2_Construccion</b><br>Test class: DeckBuildTest.TestDeckBuild<br>Parameters: //img[@src='https://shadowverse-portal.com/image/card/phase2/common/C/C_122641020.png?202216151'], 3</td>
<td></td>
<td>2</td>
<td>DeckBuildTest.TestDeckBuild@3d246ea3</td></tr>
<tr>
<td title='DeckBuildTest.TestDeckBuild.test_2_Construccion()'><b>test_2_Construccion</b><br>Test class: DeckBuildTest.TestDeckBuild<br>Parameters: //img[@src='https://shadowverse-portal.com/image/card/phase2/common/C/C_121641020.png?202216151'], 2</td>
<td></td>
<td>1</td>
<td>DeckBuildTest.TestDeckBuild@3d246ea3</td></tr>
<tr>
<td title='DeckBuildTest.TestDeckBuild.test_2_Construccion()'><b>test_2_Construccion</b><br>Test class: DeckBuildTest.TestDeckBuild<br>Parameters: //img[@src='https://shadowverse-portal.com/image/card/phase2/common/C/C_121641030.png?202216151'], 3</td>
<td></td>
<td>1</td>
<td>DeckBuildTest.TestDeckBuild@3d246ea3</td></tr>
<tr>
<td title='DeckBuildTest.TestDeckBuild.test_2_Construccion()'><b>test_2_Construccion</b><br>Test class: DeckBuildTest.TestDeckBuild<br>Parameters: //img[@src='https://shadowverse-portal.com/image/card/phase2/common/C/C_122621010.png?202216151'], 3</td>
<td></td>
<td>2</td>
<td>DeckBuildTest.TestDeckBuild@3d246ea3</td></tr>
<tr>
<td title='DeckBuildTest.TestDeckBuild.test_2_Construccion()'><b>test_2_Construccion</b><br>Test class: DeckBuildTest.TestDeckBuild<br>Parameters: //img[@src='https://shadowverse-portal.com/image/card/phase2/common/C/C_121611030.png?202216151'], 3</td>
<td></td>
<td>2</td>
<td>DeckBuildTest.TestDeckBuild@3d246ea3</td></tr>
<tr>
<td title='DeckBuildTest.TestDeckBuild.test_3_Code()'><b>test_3_Code</b><br>Test class: DeckBuildTest.TestDeckBuild</td>
<td></td>
<td>0</td>
<td>DeckBuildTest.TestDeckBuild@3d246ea3</td></tr>
<tr>
<td title='DeckBuildTest.TestDeckBuild.test_2_Construccion()'><b>test_2_Construccion</b><br>Test class: DeckBuildTest.TestDeckBuild<br>Parameters: //img[@src='https://shadowverse-portal.com/image/card/phase2/common/C/C_122634010.png?202216151'], 3</td>
<td></td>
<td>1</td>
<td>DeckBuildTest.TestDeckBuild@3d246ea3</td></tr>
<tr>
<td title='DeckBuildTest.TestDeckBuild.test_2_Construccion()'><b>test_2_Construccion</b><br>Test class: DeckBuildTest.TestDeckBuild<br>Parameters: //img[@src='https://shadowverse-portal.com/image/card/phase2/common/C/C_100614020.png?202216151'], 3</td>
<td></td>
<td>1</td>
<td>DeckBuildTest.TestDeckBuild@3d246ea3</td></tr>
<tr>
<td title='DeckBuildTest.TestDeckBuild.test_2_Construccion()'><b>test_2_Construccion</b><br>Test class: DeckBuildTest.TestDeckBuild<br>Parameters: //img[@src='https://shadowverse-portal.com/image/card/phase2/common/C/C_119641020.png?202216151'], 1</td>
<td></td>
<td>0</td>
<td>DeckBuildTest.TestDeckBuild@3d246ea3</td></tr>
<tr>
<td title='DeckBuildTest.TestDeckBuild.test_2_Construccion()'><b>test_2_Construccion</b><br>Test class: DeckBuildTest.TestDeckBuild<br>Parameters: //img[@src='https://shadowverse-portal.com/image/card/phase2/common/C/C_120621010.png?202216151'], 3</td>
<td></td>
<td>2</td>
<td>DeckBuildTest.TestDeckBuild@3d246ea3</td></tr>
<tr>
<td title='DeckBuildTest.TestDeckBuild.test_2_Construccion()'><b>test_2_Construccion</b><br>Test class: DeckBuildTest.TestDeckBuild<br>Parameters: //img[@src='https://shadowverse-portal.com/image/card/phase2/common/C/C_119631020.png?202216151'], 2</td>
<td></td>
<td>1</td>
<td>DeckBuildTest.TestDeckBuild@3d246ea3</td></tr>
<tr>
<td title='DeckBuildTest.TestDeckBuild.test_2_Construccion()'><b>test_2_Construccion</b><br>Test class: DeckBuildTest.TestDeckBuild<br>Parameters: //img[@src='https://shadowverse-portal.com/image/card/phase2/common/C/C_118611010.png?202216151'], 3</td>
<td></td>
<td>2</td>
<td>DeckBuildTest.TestDeckBuild@3d246ea3</td></tr>
<tr>
<td title='DeckBuildTest.TestDeckBuild.test_2_Construccion()'><b>test_2_Construccion</b><br>Test class: DeckBuildTest.TestDeckBuild<br>Parameters: //img[@src='https://shadowverse-portal.com/image/card/phase2/common/C/C_119611010.png?202216151'], 3</td>
<td></td>
<td>1</td>
<td>DeckBuildTest.TestDeckBuild@3d246ea3</td></tr>
</table><p>
</body>
</html>