<?xml version="1.0" encoding="UTF-8"?>
<!-- Generated by org.testng.reporters.JUnitXMLReporter -->
<testsuite ignored="0" hostname="elzevir-N56VB" failures="0" tests="16" name="Default test" time="98.283" errors="0" timestamp="2022-01-14T19:11:56 ART">
  <testcase classname="DeckBuildTest.TestDeckBuild" name="test_1_Navegacion" time="36.133"/>
  <testcase classname="DeckBuildTest.TestDeckBuild" name="test_2_Construccion" time="3.966"/>
  <testcase classname="DeckBuildTest.TestDeckBuild" name="test_2_Construccion" time="3.905"/>
  <testcase classname="DeckBuildTest.TestDeckBuild" name="test_2_Construccion" time="4.017"/>
  <testcase classname="DeckBuildTest.TestDeckBuild" name="test_2_Construccion" time="3.792"/>
  <testcase classname="DeckBuildTest.TestDeckBuild" name="test_2_Construccion" time="4.029"/>
  <testcase classname="DeckBuildTest.TestDeckBuild" name="test_2_Construccion" time="3.886"/>
  <testcase classname="DeckBuildTest.TestDeckBuild" name="test_2_Construccion" time="3.777"/>
  <testcase classname="DeckBuildTest.TestDeckBuild" name="test_2_Construccion" time="4.024"/>
  <testcase classname="DeckBuildTest.TestDeckBuild" name="test_2_Construccion" time="2.527"/>
  <testcase classname="DeckBuildTest.TestDeckBuild" name="test_2_Construccion" time="2.712"/>
  <testcase classname="DeckBuildTest.TestDeckBuild" name="test_2_Construccion" time="4.016"/>
  <testcase classname="DeckBuildTest.TestDeckBuild" name="test_2_Construccion" time="4.093"/>
  <testcase classname="DeckBuildTest.TestDeckBuild" name="test_2_Construccion" time="1.367"/>
  <testcase classname="DeckBuildTest.TestDeckBuild" name="test_2_Construccion" time="2.503"/>
  <testcase classname="DeckBuildTest.TestDeckBuild" name="test_2_Construccion" time="4.0"/>
</testsuite> <!-- Default test -->
