<?xml version="1.0" encoding="UTF-8"?>
<testng-results ignored="0" total="1" passed="1" failed="0" skipped="0">
  <reporter-output>
  </reporter-output>
  <suite started-at="2022-01-03T20:54:40 ART" name="Default suite" finished-at="2022-01-03T20:55:19 ART" duration-ms="39017">
    <groups>
    </groups>
    <test started-at="2022-01-03T20:54:40 ART" name="Default test" finished-at="2022-01-03T20:55:19 ART" duration-ms="39017">
      <class name="DeckBuildTest.TestDeckBuild">
        <test-method is-config="true" signature="build()[pri:0, instance:DeckBuildTest.TestDeckBuild@20f5281c]" started-at="2022-01-03T20:54:40 ART" name="build" finished-at="2022-01-03T20:55:18 ART" duration-ms="37812" status="PASS">
          <reporter-output>
          </reporter-output>
        </test-method> <!-- build -->
        <test-method signature="test()[pri:0, instance:DeckBuildTest.TestDeckBuild@20f5281c]" started-at="2022-01-03T20:55:18 ART" name="test" finished-at="2022-01-03T20:55:18 ART" duration-ms="696" status="PASS">
          <reporter-output>
          </reporter-output>
        </test-method> <!-- test -->
        <test-method is-config="true" signature="afterClass()[pri:0, instance:DeckBuildTest.TestDeckBuild@20f5281c]" started-at="2022-01-03T20:55:19 ART" name="afterClass" finished-at="2022-01-03T20:55:19 ART" duration-ms="2" status="PASS">
          <reporter-output>
          </reporter-output>
        </test-method> <!-- afterClass -->
      </class> <!-- DeckBuildTest.TestDeckBuild -->
    </test> <!-- Default test -->
  </suite> <!-- Default suite -->
</testng-results>
