<?xml version="1.0" encoding="UTF-8"?>
<testng-results ignored="0" total="17" passed="17" failed="0" skipped="0">
  <reporter-output>
  </reporter-output>
  <suite started-at="2022-01-19T17:12:20 ART" name="Default suite" finished-at="2022-01-19T17:14:16 ART" duration-ms="115692">
    <groups>
    </groups>
    <test started-at="2022-01-19T17:12:20 ART" name="Default test" finished-at="2022-01-19T17:14:16 ART" duration-ms="115692">
      <class name="DeckBuildTest.TestDeckBuild">
        <test-method is-config="true" signature="setUp()[pri:0, instance:DeckBuildTest.TestDeckBuild@7fbdb894]" started-at="2022-01-19T17:12:20 ART" name="setUp" finished-at="2022-01-19T17:13:01 ART" duration-ms="40897" status="PASS">
          <reporter-output>
          </reporter-output>
        </test-method> <!-- setUp -->
        <test-method signature="test_1_Navegacion()[pri:1, instance:DeckBuildTest.TestDeckBuild@7fbdb894]" started-at="2022-01-19T17:13:02 ART" name="test_1_Navegacion" finished-at="2022-01-19T17:13:36 ART" duration-ms="34770" status="PASS">
          <reporter-output>
          </reporter-output>
        </test-method> <!-- test_1_Navegacion -->
        <test-method signature="test_2_Construccion(java.lang.String,int)[pri:2, instance:DeckBuildTest.TestDeckBuild@7fbdb894]" started-at="2022-01-19T17:13:39 ART" name="test_2_Construccion" data-provider="deckCards" finished-at="2022-01-19T17:13:41 ART" duration-ms="2359" status="PASS">
          <params>
            <param index="0">
              <value>
                <![CDATA[//img[@src='https://shadowverse-portal.com/image/card/phase2/common/C/C_119611010.png?202216151']]]>
              </value>
            </param>
            <param index="1">
              <value>
                <![CDATA[3]]>
              </value>
            </param>
          </params>
          <reporter-output>
          </reporter-output>
        </test-method> <!-- test_2_Construccion -->
        <test-method signature="test_2_Construccion(java.lang.String,int)[pri:2, instance:DeckBuildTest.TestDeckBuild@7fbdb894]" started-at="2022-01-19T17:13:41 ART" name="test_2_Construccion" data-provider="deckCards" finished-at="2022-01-19T17:13:43 ART" duration-ms="1791" status="PASS">
          <params>
            <param index="0">
              <value>
                <![CDATA[//img[@src='https://shadowverse-portal.com/image/card/phase2/common/C/C_122613010.png?202216151']]]>
              </value>
            </param>
            <param index="1">
              <value>
                <![CDATA[3]]>
              </value>
            </param>
          </params>
          <reporter-output>
          </reporter-output>
        </test-method> <!-- test_2_Construccion -->
        <test-method signature="test_2_Construccion(java.lang.String,int)[pri:2, instance:DeckBuildTest.TestDeckBuild@7fbdb894]" started-at="2022-01-19T17:13:43 ART" name="test_2_Construccion" data-provider="deckCards" finished-at="2022-01-19T17:13:46 ART" duration-ms="3020" status="PASS">
          <params>
            <param index="0">
              <value>
                <![CDATA[//img[@src='https://shadowverse-portal.com/image/card/phase2/common/C/C_118611010.png?202216151']]]>
              </value>
            </param>
            <param index="1">
              <value>
                <![CDATA[3]]>
              </value>
            </param>
          </params>
          <reporter-output>
          </reporter-output>
        </test-method> <!-- test_2_Construccion -->
        <test-method signature="test_2_Construccion(java.lang.String,int)[pri:2, instance:DeckBuildTest.TestDeckBuild@7fbdb894]" started-at="2022-01-19T17:13:46 ART" name="test_2_Construccion" data-provider="deckCards" finished-at="2022-01-19T17:13:48 ART" duration-ms="1935" status="PASS">
          <params>
            <param index="0">
              <value>
                <![CDATA[//img[@src='https://shadowverse-portal.com/image/card/phase2/common/C/C_120621010.png?202216151']]]>
              </value>
            </param>
            <param index="1">
              <value>
                <![CDATA[3]]>
              </value>
            </param>
          </params>
          <reporter-output>
          </reporter-output>
        </test-method> <!-- test_2_Construccion -->
        <test-method signature="test_2_Construccion(java.lang.String,int)[pri:2, instance:DeckBuildTest.TestDeckBuild@7fbdb894]" started-at="2022-01-19T17:13:48 ART" name="test_2_Construccion" data-provider="deckCards" finished-at="2022-01-19T17:13:50 ART" duration-ms="1877" status="PASS">
          <params>
            <param index="0">
              <value>
                <![CDATA[//img[@src='https://shadowverse-portal.com/image/card/phase2/common/C/C_100614020.png?202216151']]]>
              </value>
            </param>
            <param index="1">
              <value>
                <![CDATA[3]]>
              </value>
            </param>
          </params>
          <reporter-output>
          </reporter-output>
        </test-method> <!-- test_2_Construccion -->
        <test-method signature="test_2_Construccion(java.lang.String,int)[pri:2, instance:DeckBuildTest.TestDeckBuild@7fbdb894]" started-at="2022-01-19T17:13:50 ART" name="test_2_Construccion" data-provider="deckCards" finished-at="2022-01-19T17:13:52 ART" duration-ms="1927" status="PASS">
          <params>
            <param index="0">
              <value>
                <![CDATA[//img[@src='https://shadowverse-portal.com/image/card/phase2/common/C/C_122634010.png?202216151']]]>
              </value>
            </param>
            <param index="1">
              <value>
                <![CDATA[3]]>
              </value>
            </param>
          </params>
          <reporter-output>
          </reporter-output>
        </test-method> <!-- test_2_Construccion -->
        <test-method signature="test_2_Construccion(java.lang.String,int)[pri:2, instance:DeckBuildTest.TestDeckBuild@7fbdb894]" started-at="2022-01-19T17:13:52 ART" name="test_2_Construccion" data-provider="deckCards" finished-at="2022-01-19T17:13:54 ART" duration-ms="1926" status="PASS">
          <params>
            <param index="0">
              <value>
                <![CDATA[//img[@src='https://shadowverse-portal.com/image/card/phase2/common/C/C_121641030.png?202216151']]]>
              </value>
            </param>
            <param index="1">
              <value>
                <![CDATA[3]]>
              </value>
            </param>
          </params>
          <reporter-output>
          </reporter-output>
        </test-method> <!-- test_2_Construccion -->
        <test-method signature="test_2_Construccion(java.lang.String,int)[pri:2, instance:DeckBuildTest.TestDeckBuild@7fbdb894]" started-at="2022-01-19T17:13:54 ART" name="test_2_Construccion" data-provider="deckCards" finished-at="2022-01-19T17:13:56 ART" duration-ms="2098" status="PASS">
          <params>
            <param index="0">
              <value>
                <![CDATA[//img[@src='https://shadowverse-portal.com/image/card/phase2/common/C/C_122641020.png?202216151']]]>
              </value>
            </param>
            <param index="1">
              <value>
                <![CDATA[3]]>
              </value>
            </param>
          </params>
          <reporter-output>
          </reporter-output>
        </test-method> <!-- test_2_Construccion -->
        <test-method signature="test_2_Construccion(java.lang.String,int)[pri:2, instance:DeckBuildTest.TestDeckBuild@7fbdb894]" started-at="2022-01-19T17:13:56 ART" name="test_2_Construccion" data-provider="deckCards" finished-at="2022-01-19T17:13:57 ART" duration-ms="1269" status="PASS">
          <params>
            <param index="0">
              <value>
                <![CDATA[//img[@src='https://shadowverse-portal.com/image/card/phase2/common/C/C_119631020.png?202216151']]]>
              </value>
            </param>
            <param index="1">
              <value>
                <![CDATA[2]]>
              </value>
            </param>
          </params>
          <reporter-output>
          </reporter-output>
        </test-method> <!-- test_2_Construccion -->
        <test-method signature="test_2_Construccion(java.lang.String,int)[pri:2, instance:DeckBuildTest.TestDeckBuild@7fbdb894]" started-at="2022-01-19T17:13:57 ART" name="test_2_Construccion" data-provider="deckCards" finished-at="2022-01-19T17:13:59 ART" duration-ms="1530" status="PASS">
          <params>
            <param index="0">
              <value>
                <![CDATA[//img[@src='https://shadowverse-portal.com/image/card/phase2/common/C/C_121631010.png?202216151']]]>
              </value>
            </param>
            <param index="1">
              <value>
                <![CDATA[2]]>
              </value>
            </param>
          </params>
          <reporter-output>
          </reporter-output>
        </test-method> <!-- test_2_Construccion -->
        <test-method signature="test_2_Construccion(java.lang.String,int)[pri:2, instance:DeckBuildTest.TestDeckBuild@7fbdb894]" started-at="2022-01-19T17:13:59 ART" name="test_2_Construccion" data-provider="deckCards" finished-at="2022-01-19T17:14:01 ART" duration-ms="2038" status="PASS">
          <params>
            <param index="0">
              <value>
                <![CDATA[//img[@src='https://shadowverse-portal.com/image/card/phase2/common/C/C_122621010.png?202216151']]]>
              </value>
            </param>
            <param index="1">
              <value>
                <![CDATA[3]]>
              </value>
            </param>
          </params>
          <reporter-output>
          </reporter-output>
        </test-method> <!-- test_2_Construccion -->
        <test-method signature="test_2_Construccion(java.lang.String,int)[pri:2, instance:DeckBuildTest.TestDeckBuild@7fbdb894]" started-at="2022-01-19T17:14:01 ART" name="test_2_Construccion" data-provider="deckCards" finished-at="2022-01-19T17:14:04 ART" duration-ms="3162" status="PASS">
          <params>
            <param index="0">
              <value>
                <![CDATA[//img[@src='https://shadowverse-portal.com/image/card/phase2/common/C/C_121611030.png?202216151']]]>
              </value>
            </param>
            <param index="1">
              <value>
                <![CDATA[3]]>
              </value>
            </param>
          </params>
          <reporter-output>
          </reporter-output>
        </test-method> <!-- test_2_Construccion -->
        <test-method signature="test_2_Construccion(java.lang.String,int)[pri:2, instance:DeckBuildTest.TestDeckBuild@7fbdb894]" started-at="2022-01-19T17:14:04 ART" name="test_2_Construccion" data-provider="deckCards" finished-at="2022-01-19T17:14:05 ART" duration-ms="768" status="PASS">
          <params>
            <param index="0">
              <value>
                <![CDATA[//img[@src='https://shadowverse-portal.com/image/card/phase2/common/C/C_119641020.png?202216151']]]>
              </value>
            </param>
            <param index="1">
              <value>
                <![CDATA[1]]>
              </value>
            </param>
          </params>
          <reporter-output>
          </reporter-output>
        </test-method> <!-- test_2_Construccion -->
        <test-method signature="test_2_Construccion(java.lang.String,int)[pri:2, instance:DeckBuildTest.TestDeckBuild@7fbdb894]" started-at="2022-01-19T17:14:05 ART" name="test_2_Construccion" data-provider="deckCards" finished-at="2022-01-19T17:14:06 ART" duration-ms="1377" status="PASS">
          <params>
            <param index="0">
              <value>
                <![CDATA[//img[@src='https://shadowverse-portal.com/image/card/phase2/common/C/C_121641020.png?202216151']]]>
              </value>
            </param>
            <param index="1">
              <value>
                <![CDATA[2]]>
              </value>
            </param>
          </params>
          <reporter-output>
          </reporter-output>
        </test-method> <!-- test_2_Construccion -->
        <test-method signature="test_2_Construccion(java.lang.String,int)[pri:2, instance:DeckBuildTest.TestDeckBuild@7fbdb894]" started-at="2022-01-19T17:14:06 ART" name="test_2_Construccion" data-provider="deckCards" finished-at="2022-01-19T17:14:08 ART" duration-ms="2106" status="PASS">
          <params>
            <param index="0">
              <value>
                <![CDATA[//img[@src='https://shadowverse-portal.com/image/card/phase2/common/C/C_122621020.png?202216151']]]>
              </value>
            </param>
            <param index="1">
              <value>
                <![CDATA[3]]>
              </value>
            </param>
          </params>
          <reporter-output>
          </reporter-output>
        </test-method> <!-- test_2_Construccion -->
        <test-method signature="test_3_Code()[pri:3, instance:DeckBuildTest.TestDeckBuild@7fbdb894]" started-at="2022-01-19T17:14:08 ART" name="test_3_Code" finished-at="2022-01-19T17:14:13 ART" duration-ms="4527" status="PASS">
          <reporter-output>
          </reporter-output>
        </test-method> <!-- test_3_Code -->
        <test-method is-config="true" signature="tearDown()[pri:0, instance:DeckBuildTest.TestDeckBuild@7fbdb894]" started-at="2022-01-19T17:14:13 ART" name="tearDown" finished-at="2022-01-19T17:14:16 ART" duration-ms="3281" status="PASS">
          <reporter-output>
          </reporter-output>
        </test-method> <!-- tearDown -->
      </class> <!-- DeckBuildTest.TestDeckBuild -->
    </test> <!-- Default test -->
  </suite> <!-- Default suite -->
</testng-results>
