<?xml version="1.0" encoding="UTF-8"?>
<testng-results ignored="0" total="17" passed="17" failed="0" skipped="0">
  <reporter-output>
  </reporter-output>
  <suite started-at="2022-01-18T21:17:27 ART" name="Default suite" finished-at="2022-01-18T21:19:15 ART" duration-ms="107449">
    <groups>
    </groups>
    <test started-at="2022-01-18T21:17:27 ART" name="Default test" finished-at="2022-01-18T21:19:15 ART" duration-ms="107449">
      <class name="DeckBuildTest.TestDeckBuild">
        <test-method is-config="true" signature="setUp()[pri:0, instance:DeckBuildTest.TestDeckBuild@7daa0fbd]" started-at="2022-01-18T21:17:27 ART" name="setUp" finished-at="2022-01-18T21:18:07 ART" duration-ms="39128" status="PASS">
          <reporter-output>
          </reporter-output>
        </test-method> <!-- setUp -->
        <test-method signature="test_1_Navegacion()[pri:1, instance:DeckBuildTest.TestDeckBuild@7daa0fbd]" started-at="2022-01-18T21:18:07 ART" name="test_1_Navegacion" finished-at="2022-01-18T21:18:38 ART" duration-ms="30991" status="PASS">
          <reporter-output>
          </reporter-output>
        </test-method> <!-- test_1_Navegacion -->
        <test-method signature="test_2_Construccion(java.lang.String,int)[pri:2, instance:DeckBuildTest.TestDeckBuild@7daa0fbd]" started-at="2022-01-18T21:18:38 ART" name="test_2_Construccion" data-provider="deckCards" finished-at="2022-01-18T21:18:40 ART" duration-ms="1936" status="PASS">
          <params>
            <param index="0">
              <value>
                <![CDATA[//img[@src='https://shadowverse-portal.com/image/card/phase2/common/C/C_119611010.png?202216151']]]>
              </value>
            </param>
            <param index="1">
              <value>
                <![CDATA[3]]>
              </value>
            </param>
          </params>
          <reporter-output>
          </reporter-output>
        </test-method> <!-- test_2_Construccion -->
        <test-method signature="test_2_Construccion(java.lang.String,int)[pri:2, instance:DeckBuildTest.TestDeckBuild@7daa0fbd]" started-at="2022-01-18T21:18:40 ART" name="test_2_Construccion" data-provider="deckCards" finished-at="2022-01-18T21:18:42 ART" duration-ms="1879" status="PASS">
          <params>
            <param index="0">
              <value>
                <![CDATA[//img[@src='https://shadowverse-portal.com/image/card/phase2/common/C/C_122613010.png?202216151']]]>
              </value>
            </param>
            <param index="1">
              <value>
                <![CDATA[3]]>
              </value>
            </param>
          </params>
          <reporter-output>
          </reporter-output>
        </test-method> <!-- test_2_Construccion -->
        <test-method signature="test_2_Construccion(java.lang.String,int)[pri:2, instance:DeckBuildTest.TestDeckBuild@7daa0fbd]" started-at="2022-01-18T21:18:42 ART" name="test_2_Construccion" data-provider="deckCards" finished-at="2022-01-18T21:18:45 ART" duration-ms="3262" status="PASS">
          <params>
            <param index="0">
              <value>
                <![CDATA[//img[@src='https://shadowverse-portal.com/image/card/phase2/common/C/C_118611010.png?202216151']]]>
              </value>
            </param>
            <param index="1">
              <value>
                <![CDATA[3]]>
              </value>
            </param>
          </params>
          <reporter-output>
          </reporter-output>
        </test-method> <!-- test_2_Construccion -->
        <test-method signature="test_2_Construccion(java.lang.String,int)[pri:2, instance:DeckBuildTest.TestDeckBuild@7daa0fbd]" started-at="2022-01-18T21:18:45 ART" name="test_2_Construccion" data-provider="deckCards" finished-at="2022-01-18T21:18:47 ART" duration-ms="2164" status="PASS">
          <params>
            <param index="0">
              <value>
                <![CDATA[//img[@src='https://shadowverse-portal.com/image/card/phase2/common/C/C_120621010.png?202216151']]]>
              </value>
            </param>
            <param index="1">
              <value>
                <![CDATA[3]]>
              </value>
            </param>
          </params>
          <reporter-output>
          </reporter-output>
        </test-method> <!-- test_2_Construccion -->
        <test-method signature="test_2_Construccion(java.lang.String,int)[pri:2, instance:DeckBuildTest.TestDeckBuild@7daa0fbd]" started-at="2022-01-18T21:18:47 ART" name="test_2_Construccion" data-provider="deckCards" finished-at="2022-01-18T21:18:50 ART" duration-ms="2589" status="PASS">
          <params>
            <param index="0">
              <value>
                <![CDATA[//img[@src='https://shadowverse-portal.com/image/card/phase2/common/C/C_100614020.png?202216151']]]>
              </value>
            </param>
            <param index="1">
              <value>
                <![CDATA[3]]>
              </value>
            </param>
          </params>
          <reporter-output>
          </reporter-output>
        </test-method> <!-- test_2_Construccion -->
        <test-method signature="test_2_Construccion(java.lang.String,int)[pri:2, instance:DeckBuildTest.TestDeckBuild@7daa0fbd]" started-at="2022-01-18T21:18:50 ART" name="test_2_Construccion" data-provider="deckCards" finished-at="2022-01-18T21:18:52 ART" duration-ms="1791" status="PASS">
          <params>
            <param index="0">
              <value>
                <![CDATA[//img[@src='https://shadowverse-portal.com/image/card/phase2/common/C/C_122634010.png?202216151']]]>
              </value>
            </param>
            <param index="1">
              <value>
                <![CDATA[3]]>
              </value>
            </param>
          </params>
          <reporter-output>
          </reporter-output>
        </test-method> <!-- test_2_Construccion -->
        <test-method signature="test_2_Construccion(java.lang.String,int)[pri:2, instance:DeckBuildTest.TestDeckBuild@7daa0fbd]" started-at="2022-01-18T21:18:52 ART" name="test_2_Construccion" data-provider="deckCards" finished-at="2022-01-18T21:18:54 ART" duration-ms="1892" status="PASS">
          <params>
            <param index="0">
              <value>
                <![CDATA[//img[@src='https://shadowverse-portal.com/image/card/phase2/common/C/C_121641030.png?202216151']]]>
              </value>
            </param>
            <param index="1">
              <value>
                <![CDATA[3]]>
              </value>
            </param>
          </params>
          <reporter-output>
          </reporter-output>
        </test-method> <!-- test_2_Construccion -->
        <test-method signature="test_2_Construccion(java.lang.String,int)[pri:2, instance:DeckBuildTest.TestDeckBuild@7daa0fbd]" started-at="2022-01-18T21:18:54 ART" name="test_2_Construccion" data-provider="deckCards" finished-at="2022-01-18T21:18:56 ART" duration-ms="1893" status="PASS">
          <params>
            <param index="0">
              <value>
                <![CDATA[//img[@src='https://shadowverse-portal.com/image/card/phase2/common/C/C_122641020.png?202216151']]]>
              </value>
            </param>
            <param index="1">
              <value>
                <![CDATA[3]]>
              </value>
            </param>
          </params>
          <reporter-output>
          </reporter-output>
        </test-method> <!-- test_2_Construccion -->
        <test-method signature="test_2_Construccion(java.lang.String,int)[pri:2, instance:DeckBuildTest.TestDeckBuild@7daa0fbd]" started-at="2022-01-18T21:18:56 ART" name="test_2_Construccion" data-provider="deckCards" finished-at="2022-01-18T21:18:57 ART" duration-ms="1173" status="PASS">
          <params>
            <param index="0">
              <value>
                <![CDATA[//img[@src='https://shadowverse-portal.com/image/card/phase2/common/C/C_119631020.png?202216151']]]>
              </value>
            </param>
            <param index="1">
              <value>
                <![CDATA[2]]>
              </value>
            </param>
          </params>
          <reporter-output>
          </reporter-output>
        </test-method> <!-- test_2_Construccion -->
        <test-method signature="test_2_Construccion(java.lang.String,int)[pri:2, instance:DeckBuildTest.TestDeckBuild@7daa0fbd]" started-at="2022-01-18T21:18:57 ART" name="test_2_Construccion" data-provider="deckCards" finished-at="2022-01-18T21:18:58 ART" duration-ms="1200" status="PASS">
          <params>
            <param index="0">
              <value>
                <![CDATA[//img[@src='https://shadowverse-portal.com/image/card/phase2/common/C/C_121631010.png?202216151']]]>
              </value>
            </param>
            <param index="1">
              <value>
                <![CDATA[2]]>
              </value>
            </param>
          </params>
          <reporter-output>
          </reporter-output>
        </test-method> <!-- test_2_Construccion -->
        <test-method signature="test_2_Construccion(java.lang.String,int)[pri:2, instance:DeckBuildTest.TestDeckBuild@7daa0fbd]" started-at="2022-01-18T21:18:58 ART" name="test_2_Construccion" data-provider="deckCards" finished-at="2022-01-18T21:19:00 ART" duration-ms="1684" status="PASS">
          <params>
            <param index="0">
              <value>
                <![CDATA[//img[@src='https://shadowverse-portal.com/image/card/phase2/common/C/C_122621010.png?202216151']]]>
              </value>
            </param>
            <param index="1">
              <value>
                <![CDATA[3]]>
              </value>
            </param>
          </params>
          <reporter-output>
          </reporter-output>
        </test-method> <!-- test_2_Construccion -->
        <test-method signature="test_2_Construccion(java.lang.String,int)[pri:2, instance:DeckBuildTest.TestDeckBuild@7daa0fbd]" started-at="2022-01-18T21:19:00 ART" name="test_2_Construccion" data-provider="deckCards" finished-at="2022-01-18T21:19:02 ART" duration-ms="1605" status="PASS">
          <params>
            <param index="0">
              <value>
                <![CDATA[//img[@src='https://shadowverse-portal.com/image/card/phase2/common/C/C_121611030.png?202216151']]]>
              </value>
            </param>
            <param index="1">
              <value>
                <![CDATA[3]]>
              </value>
            </param>
          </params>
          <reporter-output>
          </reporter-output>
        </test-method> <!-- test_2_Construccion -->
        <test-method signature="test_2_Construccion(java.lang.String,int)[pri:2, instance:DeckBuildTest.TestDeckBuild@7daa0fbd]" started-at="2022-01-18T21:19:02 ART" name="test_2_Construccion" data-provider="deckCards" finished-at="2022-01-18T21:19:11 ART" duration-ms="9173" status="PASS">
          <params>
            <param index="0">
              <value>
                <![CDATA[//img[@src='https://shadowverse-portal.com/image/card/phase2/common/C/C_119641020.png?202216151']]]>
              </value>
            </param>
            <param index="1">
              <value>
                <![CDATA[1]]>
              </value>
            </param>
          </params>
          <reporter-output>
          </reporter-output>
        </test-method> <!-- test_2_Construccion -->
        <test-method signature="test_2_Construccion(java.lang.String,int)[pri:2, instance:DeckBuildTest.TestDeckBuild@7daa0fbd]" started-at="2022-01-18T21:19:11 ART" name="test_2_Construccion" data-provider="deckCards" finished-at="2022-01-18T21:19:12 ART" duration-ms="1138" status="PASS">
          <params>
            <param index="0">
              <value>
                <![CDATA[//img[@src='https://shadowverse-portal.com/image/card/phase2/common/C/C_121641020.png?202216151']]]>
              </value>
            </param>
            <param index="1">
              <value>
                <![CDATA[2]]>
              </value>
            </param>
          </params>
          <reporter-output>
          </reporter-output>
        </test-method> <!-- test_2_Construccion -->
        <test-method signature="test_2_Construccion(java.lang.String,int)[pri:2, instance:DeckBuildTest.TestDeckBuild@7daa0fbd]" started-at="2022-01-18T21:19:12 ART" name="test_2_Construccion" data-provider="deckCards" finished-at="2022-01-18T21:19:14 ART" duration-ms="1838" status="PASS">
          <params>
            <param index="0">
              <value>
                <![CDATA[//img[@src='https://shadowverse-portal.com/image/card/phase2/common/C/C_122621020.png?202216151']]]>
              </value>
            </param>
            <param index="1">
              <value>
                <![CDATA[3]]>
              </value>
            </param>
          </params>
          <reporter-output>
          </reporter-output>
        </test-method> <!-- test_2_Construccion -->
        <test-method signature="test_3_Code()[pri:3, instance:DeckBuildTest.TestDeckBuild@7daa0fbd]" started-at="2022-01-18T21:19:14 ART" name="test_3_Code" finished-at="2022-01-18T21:19:14 ART" duration-ms="207" status="PASS">
          <reporter-output>
          </reporter-output>
        </test-method> <!-- test_3_Code -->
        <test-method is-config="true" signature="tearDown()[pri:0, instance:DeckBuildTest.TestDeckBuild@7daa0fbd]" started-at="2022-01-18T21:19:14 ART" name="tearDown" finished-at="2022-01-18T21:19:15 ART" duration-ms="830" status="PASS">
          <reporter-output>
          </reporter-output>
        </test-method> <!-- tearDown -->
      </class> <!-- DeckBuildTest.TestDeckBuild -->
    </test> <!-- Default test -->
  </suite> <!-- Default suite -->
</testng-results>
