<?xml version="1.0" encoding="UTF-8"?>
<testng-results ignored="0" total="17" passed="17" failed="0" skipped="0">
  <reporter-output>
  </reporter-output>
  <suite started-at="2022-06-29T20:47:34 ART" name="TestSuite" finished-at="2022-06-29T20:49:04 ART" duration-ms="90275">
    <groups>
    </groups>
    <test started-at="2022-06-29T20:47:34 ART" name="FIREFOX" finished-at="2022-06-29T20:49:04 ART" duration-ms="90275">
      <class name="DeckBuildTest.TestDeckBuild">
        <test-method is-config="true" signature="setUp(java.lang.String,java.lang.String)[pri:0, instance:DeckBuildTest.TestDeckBuild@74707df8]" started-at="2022-06-29T20:47:34 ART" name="setUp" finished-at="2022-06-29T20:47:43 ART" duration-ms="9261" status="PASS">
          <params>
            <param index="0">
              <value>
                <![CDATA[FIREFOX]]>
              </value>
            </param>
            <param index="1">
              <value>
                <![CDATA[http://localhost:4444/wd/hub]]>
              </value>
            </param>
          </params>
          <reporter-output>
          </reporter-output>
        </test-method> <!-- setUp -->
        <test-method signature="test_1_Navegacion()[pri:1, instance:DeckBuildTest.TestDeckBuild@74707df8]" started-at="2022-06-29T20:47:43 ART" name="test_1_Navegacion" finished-at="2022-06-29T20:48:10 ART" duration-ms="27607" status="PASS">
          <reporter-output>
          </reporter-output>
        </test-method> <!-- test_1_Navegacion -->
        <test-method signature="test_2_Construccion(org.openqa.selenium.By,int,java.lang.String)[pri:2, instance:DeckBuildTest.TestDeckBuild@74707df8]" started-at="2022-06-29T20:48:11 ART" name="test_2_Construccion" data-provider="deckCards" finished-at="2022-06-29T20:48:12 ART" duration-ms="1253" status="PASS">
          <params>
            <param index="0">
              <value>
                <![CDATA[By.xpath: //img[contains(@src, 'C_119611010.png')]]]>
              </value>
            </param>
            <param index="1">
              <value>
                <![CDATA[3]]>
              </value>
            </param>
            <param index="2">
              <value>
                <![CDATA[Vampiro Carmesí]]>
              </value>
            </param>
          </params>
          <reporter-output>
          </reporter-output>
        </test-method> <!-- test_2_Construccion -->
        <test-method signature="test_2_Construccion(org.openqa.selenium.By,int,java.lang.String)[pri:2, instance:DeckBuildTest.TestDeckBuild@74707df8]" started-at="2022-06-29T20:48:12 ART" name="test_2_Construccion" data-provider="deckCards" finished-at="2022-06-29T20:48:13 ART" duration-ms="1221" status="PASS">
          <params>
            <param index="0">
              <value>
                <![CDATA[By.xpath: //img[contains(@src, 'C_122613010.png')]]]>
              </value>
            </param>
            <param index="1">
              <value>
                <![CDATA[3]]>
              </value>
            </param>
            <param index="2">
              <value>
                <![CDATA[Colgante de Sangre Fresca]]>
              </value>
            </param>
          </params>
          <reporter-output>
          </reporter-output>
        </test-method> <!-- test_2_Construccion -->
        <test-method signature="test_2_Construccion(org.openqa.selenium.By,int,java.lang.String)[pri:2, instance:DeckBuildTest.TestDeckBuild@74707df8]" started-at="2022-06-29T20:48:13 ART" name="test_2_Construccion" data-provider="deckCards" finished-at="2022-06-29T20:48:33 ART" duration-ms="19739" status="PASS">
          <params>
            <param index="0">
              <value>
                <![CDATA[By.xpath: //img[contains(@src, 'C_118611010.png')]]]>
              </value>
            </param>
            <param index="1">
              <value>
                <![CDATA[3]]>
              </value>
            </param>
            <param index="2">
              <value>
                <![CDATA[Lic�ntropa Peleona]]>
              </value>
            </param>
          </params>
          <reporter-output>
          </reporter-output>
        </test-method> <!-- test_2_Construccion -->
        <test-method signature="test_2_Construccion(org.openqa.selenium.By,int,java.lang.String)[pri:2, instance:DeckBuildTest.TestDeckBuild@74707df8]" started-at="2022-06-29T20:48:33 ART" name="test_2_Construccion" data-provider="deckCards" finished-at="2022-06-29T20:48:34 ART" duration-ms="1108" status="PASS">
          <params>
            <param index="0">
              <value>
                <![CDATA[By.xpath: //img[contains(@src, 'C_120621010.png')]]]>
              </value>
            </param>
            <param index="1">
              <value>
                <![CDATA[3]]>
              </value>
            </param>
            <param index="2">
              <value>
                <![CDATA[Diabla de los Accesorios]]>
              </value>
            </param>
          </params>
          <reporter-output>
          </reporter-output>
        </test-method> <!-- test_2_Construccion -->
        <test-method signature="test_2_Construccion(org.openqa.selenium.By,int,java.lang.String)[pri:2, instance:DeckBuildTest.TestDeckBuild@74707df8]" started-at="2022-06-29T20:48:34 ART" name="test_2_Construccion" data-provider="deckCards" finished-at="2022-06-29T20:48:51 ART" duration-ms="17379" status="PASS">
          <params>
            <param index="0">
              <value>
                <![CDATA[By.xpath: //img[contains(@src, 'C_100614020.png')]]]>
              </value>
            </param>
            <param index="1">
              <value>
                <![CDATA[3]]>
              </value>
            </param>
            <param index="2">
              <value>
                <![CDATA[Garra Afilada]]>
              </value>
            </param>
          </params>
          <reporter-output>
          </reporter-output>
        </test-method> <!-- test_2_Construccion -->
        <test-method signature="test_2_Construccion(org.openqa.selenium.By,int,java.lang.String)[pri:2, instance:DeckBuildTest.TestDeckBuild@74707df8]" started-at="2022-06-29T20:48:51 ART" name="test_2_Construccion" data-provider="deckCards" finished-at="2022-06-29T20:48:53 ART" duration-ms="1278" status="PASS">
          <params>
            <param index="0">
              <value>
                <![CDATA[By.xpath: //img[contains(@src, 'C_122634010.png')]]]>
              </value>
            </param>
            <param index="1">
              <value>
                <![CDATA[3]]>
              </value>
            </param>
            <param index="2">
              <value>
                <![CDATA[Orden Oscura]]>
              </value>
            </param>
          </params>
          <reporter-output>
          </reporter-output>
        </test-method> <!-- test_2_Construccion -->
        <test-method signature="test_2_Construccion(org.openqa.selenium.By,int,java.lang.String)[pri:2, instance:DeckBuildTest.TestDeckBuild@74707df8]" started-at="2022-06-29T20:48:53 ART" name="test_2_Construccion" data-provider="deckCards" finished-at="2022-06-29T20:48:54 ART" duration-ms="1275" status="PASS">
          <params>
            <param index="0">
              <value>
                <![CDATA[By.xpath: //img[contains(@src, 'C_121641030.png')]]]>
              </value>
            </param>
            <param index="1">
              <value>
                <![CDATA[3]]>
              </value>
            </param>
            <param index="2">
              <value>
                <![CDATA[Urias, Vampiro del Fin]]>
              </value>
            </param>
          </params>
          <reporter-output>
          </reporter-output>
        </test-method> <!-- test_2_Construccion -->
        <test-method signature="test_2_Construccion(org.openqa.selenium.By,int,java.lang.String)[pri:2, instance:DeckBuildTest.TestDeckBuild@74707df8]" started-at="2022-06-29T20:48:54 ART" name="test_2_Construccion" data-provider="deckCards" finished-at="2022-06-29T20:48:55 ART" duration-ms="1308" status="PASS">
          <params>
            <param index="0">
              <value>
                <![CDATA[By.xpath: //img[contains(@src, 'C_122641020.png')]]]>
              </value>
            </param>
            <param index="1">
              <value>
                <![CDATA[3]]>
              </value>
            </param>
            <param index="2">
              <value>
                <![CDATA[Vampira del Cielo Nocturno]]>
              </value>
            </param>
          </params>
          <reporter-output>
          </reporter-output>
        </test-method> <!-- test_2_Construccion -->
        <test-method signature="test_2_Construccion(org.openqa.selenium.By,int,java.lang.String)[pri:2, instance:DeckBuildTest.TestDeckBuild@74707df8]" started-at="2022-06-29T20:48:55 ART" name="test_2_Construccion" data-provider="deckCards" finished-at="2022-06-29T20:48:56 ART" duration-ms="861" status="PASS">
          <params>
            <param index="0">
              <value>
                <![CDATA[By.xpath: //img[contains(@src, 'C_119631020.png')]]]>
              </value>
            </param>
            <param index="1">
              <value>
                <![CDATA[2]]>
              </value>
            </param>
            <param index="2">
              <value>
                <![CDATA[Caballera Oscura del Purgatorio]]>
              </value>
            </param>
          </params>
          <reporter-output>
          </reporter-output>
        </test-method> <!-- test_2_Construccion -->
        <test-method signature="test_2_Construccion(org.openqa.selenium.By,int,java.lang.String)[pri:2, instance:DeckBuildTest.TestDeckBuild@74707df8]" started-at="2022-06-29T20:48:56 ART" name="test_2_Construccion" data-provider="deckCards" finished-at="2022-06-29T20:48:57 ART" duration-ms="892" status="PASS">
          <params>
            <param index="0">
              <value>
                <![CDATA[By.xpath: //img[contains(@src, 'C_121631010.png')]]]>
              </value>
            </param>
            <param index="1">
              <value>
                <![CDATA[2]]>
              </value>
            </param>
            <param index="2">
              <value>
                <![CDATA[Diva Demoniaca]]>
              </value>
            </param>
          </params>
          <reporter-output>
          </reporter-output>
        </test-method> <!-- test_2_Construccion -->
        <test-method signature="test_2_Construccion(org.openqa.selenium.By,int,java.lang.String)[pri:2, instance:DeckBuildTest.TestDeckBuild@74707df8]" started-at="2022-06-29T20:48:57 ART" name="test_2_Construccion" data-provider="deckCards" finished-at="2022-06-29T20:48:58 ART" duration-ms="1299" status="PASS">
          <params>
            <param index="0">
              <value>
                <![CDATA[By.xpath: //img[contains(@src, 'C_122621010.png')]]]>
              </value>
            </param>
            <param index="1">
              <value>
                <![CDATA[3]]>
              </value>
            </param>
            <param index="2">
              <value>
                <![CDATA[Diabla Señorial]]>
              </value>
            </param>
          </params>
          <reporter-output>
          </reporter-output>
        </test-method> <!-- test_2_Construccion -->
        <test-method signature="test_2_Construccion(org.openqa.selenium.By,int,java.lang.String)[pri:2, instance:DeckBuildTest.TestDeckBuild@74707df8]" started-at="2022-06-29T20:48:58 ART" name="test_2_Construccion" data-provider="deckCards" finished-at="2022-06-29T20:48:59 ART" duration-ms="1140" status="PASS">
          <params>
            <param index="0">
              <value>
                <![CDATA[By.xpath: //img[contains(@src, 'C_121611030.png')]]]>
              </value>
            </param>
            <param index="1">
              <value>
                <![CDATA[3]]>
              </value>
            </param>
            <param index="2">
              <value>
                <![CDATA[Ogro de la Desolación]]>
              </value>
            </param>
          </params>
          <reporter-output>
          </reporter-output>
        </test-method> <!-- test_2_Construccion -->
        <test-method signature="test_2_Construccion(org.openqa.selenium.By,int,java.lang.String)[pri:2, instance:DeckBuildTest.TestDeckBuild@74707df8]" started-at="2022-06-29T20:48:59 ART" name="test_2_Construccion" data-provider="deckCards" finished-at="2022-06-29T20:49:00 ART" duration-ms="397" status="PASS">
          <params>
            <param index="0">
              <value>
                <![CDATA[By.xpath: //img[contains(@src, 'C_119641020.png')]]]>
              </value>
            </param>
            <param index="1">
              <value>
                <![CDATA[1]]>
              </value>
            </param>
            <param index="2">
              <value>
                <![CDATA[Xeno-Diabolos]]>
              </value>
            </param>
          </params>
          <reporter-output>
          </reporter-output>
        </test-method> <!-- test_2_Construccion -->
        <test-method signature="test_2_Construccion(org.openqa.selenium.By,int,java.lang.String)[pri:2, instance:DeckBuildTest.TestDeckBuild@74707df8]" started-at="2022-06-29T20:49:00 ART" name="test_2_Construccion" data-provider="deckCards" finished-at="2022-06-29T20:49:01 ART" duration-ms="743" status="PASS">
          <params>
            <param index="0">
              <value>
                <![CDATA[By.xpath: //img[contains(@src, 'C_121641020.png')]]]>
              </value>
            </param>
            <param index="1">
              <value>
                <![CDATA[2]]>
              </value>
            </param>
            <param index="2">
              <value>
                <![CDATA[Gran Demonio de las Fieras]]>
              </value>
            </param>
          </params>
          <reporter-output>
          </reporter-output>
        </test-method> <!-- test_2_Construccion -->
        <test-method signature="test_2_Construccion(org.openqa.selenium.By,int,java.lang.String)[pri:2, instance:DeckBuildTest.TestDeckBuild@74707df8]" started-at="2022-06-29T20:49:01 ART" name="test_2_Construccion" data-provider="deckCards" finished-at="2022-06-29T20:49:02 ART" duration-ms="1198" status="PASS">
          <params>
            <param index="0">
              <value>
                <![CDATA[By.xpath: //img[contains(@src, 'C_122621020.png')]]]>
              </value>
            </param>
            <param index="1">
              <value>
                <![CDATA[3]]>
              </value>
            </param>
            <param index="2">
              <value>
                <![CDATA[Lobo Oscuro Traicionero]]>
              </value>
            </param>
          </params>
          <reporter-output>
          </reporter-output>
        </test-method> <!-- test_2_Construccion -->
        <test-method signature="test_3_Code()[pri:3, instance:DeckBuildTest.TestDeckBuild@74707df8]" started-at="2022-06-29T20:49:02 ART" name="test_3_Code" finished-at="2022-06-29T20:49:02 ART" duration-ms="147" status="PASS">
          <reporter-output>
          </reporter-output>
        </test-method> <!-- test_3_Code -->
        <test-method is-config="true" signature="tearDown()[pri:0, instance:DeckBuildTest.TestDeckBuild@74707df8]" started-at="2022-06-29T20:49:02 ART" name="tearDown" finished-at="2022-06-29T20:49:04 ART" duration-ms="1911" status="PASS">
          <reporter-output>
          </reporter-output>
        </test-method> <!-- tearDown -->
      </class> <!-- DeckBuildTest.TestDeckBuild -->
    </test> <!-- FIREFOX -->
  </suite> <!-- TestSuite -->
</testng-results>
