<?xml version="1.0" encoding="UTF-8"?>
<testng-results ignored="0" total="17" passed="16" failed="1" skipped="0">
  <reporter-output>
  </reporter-output>
  <suite started-at="2022-01-16T22:04:20 ART" name="Default suite" finished-at="2022-01-16T22:05:12 ART" duration-ms="51899">
    <groups>
    </groups>
    <test started-at="2022-01-16T22:04:20 ART" name="Default test" finished-at="2022-01-16T22:05:12 ART" duration-ms="51899">
      <class name="DeckBuildTest.TestDeckBuild">
        <test-method is-config="true" signature="setUp()[pri:0, instance:DeckBuildTest.TestDeckBuild@3d246ea3]" started-at="2022-01-16T22:04:20 ART" name="setUp" finished-at="2022-01-16T22:04:26 ART" duration-ms="5446" status="PASS">
          <reporter-output>
          </reporter-output>
        </test-method> <!-- setUp -->
        <test-method signature="test_1_Navegacion()[pri:1, instance:DeckBuildTest.TestDeckBuild@3d246ea3]" started-at="2022-01-16T22:04:26 ART" name="test_1_Navegacion" finished-at="2022-01-16T22:04:57 ART" duration-ms="30913" status="PASS">
          <reporter-output>
          </reporter-output>
        </test-method> <!-- test_1_Navegacion -->
        <test-method signature="test_2_Construccion(java.lang.String,int)[pri:2, instance:DeckBuildTest.TestDeckBuild@3d246ea3]" started-at="2022-01-16T22:04:57 ART" name="test_2_Construccion" data-provider="deckCards" finished-at="2022-01-16T22:04:58 ART" duration-ms="1037" status="PASS">
          <params>
            <param index="0">
              <value>
                <![CDATA[//img[@src='https://shadowverse-portal.com/image/card/phase2/common/C/C_119611010.png?202216151']]]>
              </value>
            </param>
            <param index="1">
              <value>
                <![CDATA[3]]>
              </value>
            </param>
          </params>
          <reporter-output>
          </reporter-output>
        </test-method> <!-- test_2_Construccion -->
        <test-method signature="test_2_Construccion(java.lang.String,int)[pri:2, instance:DeckBuildTest.TestDeckBuild@3d246ea3]" started-at="2022-01-16T22:04:58 ART" name="test_2_Construccion" data-provider="deckCards" finished-at="2022-01-16T22:04:59 ART" duration-ms="1001" status="PASS">
          <params>
            <param index="0">
              <value>
                <![CDATA[//img[@src='https://shadowverse-portal.com/image/card/phase2/common/C/C_122613010.png?202216151']]]>
              </value>
            </param>
            <param index="1">
              <value>
                <![CDATA[3]]>
              </value>
            </param>
          </params>
          <reporter-output>
          </reporter-output>
        </test-method> <!-- test_2_Construccion -->
        <test-method signature="test_2_Construccion(java.lang.String,int)[pri:2, instance:DeckBuildTest.TestDeckBuild@3d246ea3]" started-at="2022-01-16T22:04:59 ART" name="test_2_Construccion" data-provider="deckCards" finished-at="2022-01-16T22:04:59 ART" duration-ms="33" status="FAIL">
          <params>
            <param index="0">
              <value>
                <![CDATA[//img[@src='https://shadowverse-portal.com/image/card/phase2/common/C/C_118611010.png?202216151']]]>
              </value>
            </param>
            <param index="1">
              <value>
                <![CDATA[3]]>
              </value>
            </param>
          </params>
          <exception class="org.openqa.selenium.NoSuchElementException">
            <message>
              <![CDATA[no such element: Unable to locate element: {"method":"xpath","selector":"//img[@src='https://shadowverse-portal.com/image/card/phase2/common/C/C_118611010.png?202216151']"}
  (Session info: chrome=97.0.4692.71)
For documentation on this error, please visit: https://selenium.dev/exceptions/#no_such_element
Build info: version: '4.1.1', revision: 'e8fcc2cecf'
System info: host: 'elzevir-N56VB', ip: '127.0.1.1', os.name: 'Linux', os.arch: 'amd64', os.version: '5.11.0-46-generic', java.version: '16.0.2'
Driver info: org.openqa.selenium.chrome.ChromeDriver
Command: [d3129e11f60dafc8f907abf9d39b00cc, findElement {using=xpath, value=//img[@src='https://shadowverse-portal.com/image/card/phase2/common/C/C_118611010.png?202216151']}]
Capabilities {acceptInsecureCerts: false, browserName: chrome, browserVersion: 97.0.4692.71, chrome: {chromedriverVersion: 97.0.4692.71 (adefa7837d02a..., userDataDir: /tmp/.com.google.Chrome.fnn6Gj}, goog:chromeOptions: {debuggerAddress: localhost:42791}, javascriptEnabled: true, networkConnectionEnabled: false, pageLoadStrategy: normal, platform: LINUX, platformName: LINUX, proxy: Proxy(), se:cdp: ws://localhost:42791/devtoo..., se:cdpVersion: 97.0.4692.71, setWindowRect: true, strictFileInteractability: false, timeouts: {implicit: 0, pageLoad: 300000, script: 30000}, unhandledPromptBehavior: dismiss and notify, webauthn:extension:credBlob: true, webauthn:extension:largeBlob: true, webauthn:virtualAuthenticators: true}
Session ID: d3129e11f60dafc8f907abf9d39b00cc]]>
            </message>
            <full-stacktrace>
              <![CDATA[org.openqa.selenium.NoSuchElementException: no such element: Unable to locate element: {"method":"xpath","selector":"//img[@src='https://shadowverse-portal.com/image/card/phase2/common/C/C_118611010.png?202216151']"}
  (Session info: chrome=97.0.4692.71)
For documentation on this error, please visit: https://selenium.dev/exceptions/#no_such_element
Build info: version: '4.1.1', revision: 'e8fcc2cecf'
System info: host: 'elzevir-N56VB', ip: '127.0.1.1', os.name: 'Linux', os.arch: 'amd64', os.version: '5.11.0-46-generic', java.version: '16.0.2'
Driver info: org.openqa.selenium.chrome.ChromeDriver
Command: [d3129e11f60dafc8f907abf9d39b00cc, findElement {using=xpath, value=//img[@src='https://shadowverse-portal.com/image/card/phase2/common/C/C_118611010.png?202216151']}]
Capabilities {acceptInsecureCerts: false, browserName: chrome, browserVersion: 97.0.4692.71, chrome: {chromedriverVersion: 97.0.4692.71 (adefa7837d02a..., userDataDir: /tmp/.com.google.Chrome.fnn6Gj}, goog:chromeOptions: {debuggerAddress: localhost:42791}, javascriptEnabled: true, networkConnectionEnabled: false, pageLoadStrategy: normal, platform: LINUX, platformName: LINUX, proxy: Proxy(), se:cdp: ws://localhost:42791/devtoo..., se:cdpVersion: 97.0.4692.71, setWindowRect: true, strictFileInteractability: false, timeouts: {implicit: 0, pageLoad: 300000, script: 30000}, unhandledPromptBehavior: dismiss and notify, webauthn:extension:credBlob: true, webauthn:extension:largeBlob: true, webauthn:virtualAuthenticators: true}
Session ID: d3129e11f60dafc8f907abf9d39b00cc
at java.base/jdk.internal.reflect.NativeConstructorAccessorImpl.newInstance0(Native Method)
at java.base/jdk.internal.reflect.NativeConstructorAccessorImpl.newInstance(NativeConstructorAccessorImpl.java:78)
at java.base/jdk.internal.reflect.DelegatingConstructorAccessorImpl.newInstance(DelegatingConstructorAccessorImpl.java:45)
at java.base/java.lang.reflect.Constructor.newInstanceWithCaller(Constructor.java:499)
at java.base/java.lang.reflect.Constructor.newInstance(Constructor.java:480)
at org.openqa.selenium.remote.codec.w3c.W3CHttpResponseCodec.createException(W3CHttpResponseCodec.java:200)
at org.openqa.selenium.remote.codec.w3c.W3CHttpResponseCodec.decode(W3CHttpResponseCodec.java:133)
at org.openqa.selenium.remote.codec.w3c.W3CHttpResponseCodec.decode(W3CHttpResponseCodec.java:53)
at org.openqa.selenium.remote.HttpCommandExecutor.execute(HttpCommandExecutor.java:184)
at org.openqa.selenium.remote.service.DriverCommandExecutor.invokeExecute(DriverCommandExecutor.java:167)
at org.openqa.selenium.remote.service.DriverCommandExecutor.execute(DriverCommandExecutor.java:142)
at org.openqa.selenium.remote.RemoteWebDriver.execute(RemoteWebDriver.java:543)
at org.openqa.selenium.remote.ElementLocation$ElementFinder$2.findElement(ElementLocation.java:162)
at org.openqa.selenium.remote.ElementLocation.findElement(ElementLocation.java:60)
at org.openqa.selenium.remote.RemoteWebDriver.findElement(RemoteWebDriver.java:367)
at org.openqa.selenium.remote.RemoteWebDriver.findElement(RemoteWebDriver.java:359)
at PageModel.Base.clickCarta(Base.java:35)
at DeckBuildTest.TestDeckBuild.test_2_Construccion(TestDeckBuild.java:63)
at java.base/jdk.internal.reflect.NativeMethodAccessorImpl.invoke0(Native Method)
at java.base/jdk.internal.reflect.NativeMethodAccessorImpl.invoke(NativeMethodAccessorImpl.java:78)
at java.base/jdk.internal.reflect.DelegatingMethodAccessorImpl.invoke(DelegatingMethodAccessorImpl.java:43)
at java.base/java.lang.reflect.Method.invoke(Method.java:567)
at org.testng.internal.MethodInvocationHelper.invokeMethod(MethodInvocationHelper.java:133)
at org.testng.internal.TestInvoker.invokeMethod(TestInvoker.java:598)
at org.testng.internal.TestInvoker.invokeTestMethod(TestInvoker.java:173)
at org.testng.internal.MethodRunner.runInSequence(MethodRunner.java:46)
at org.testng.internal.TestInvoker$MethodInvocationAgent.invoke(TestInvoker.java:824)
at org.testng.internal.TestInvoker.invokeTestMethods(TestInvoker.java:146)
at org.testng.internal.TestMethodWorker.invokeTestMethods(TestMethodWorker.java:146)
at org.testng.internal.TestMethodWorker.run(TestMethodWorker.java:128)
at java.base/java.util.ArrayList.forEach(ArrayList.java:1511)
at org.testng.TestRunner.privateRun(TestRunner.java:794)
at org.testng.TestRunner.run(TestRunner.java:596)
at org.testng.SuiteRunner.runTest(SuiteRunner.java:377)
at org.testng.SuiteRunner.runSequentially(SuiteRunner.java:371)
at org.testng.SuiteRunner.privateRun(SuiteRunner.java:332)
at org.testng.SuiteRunner.run(SuiteRunner.java:276)
at org.testng.SuiteRunnerWorker.runSuite(SuiteRunnerWorker.java:53)
at org.testng.SuiteRunnerWorker.run(SuiteRunnerWorker.java:96)
at org.testng.TestNG.runSuitesSequentially(TestNG.java:1212)
at org.testng.TestNG.runSuitesLocally(TestNG.java:1134)
at org.testng.TestNG.runSuites(TestNG.java:1063)
at org.testng.TestNG.run(TestNG.java:1031)
at org.testng.remote.AbstractRemoteTestNG.run(AbstractRemoteTestNG.java:115)
at org.testng.remote.RemoteTestNG.initAndRun(RemoteTestNG.java:251)
at org.testng.remote.RemoteTestNG.main(RemoteTestNG.java:77)
]]>
            </full-stacktrace>
          </exception> <!-- org.openqa.selenium.NoSuchElementException -->
          <reporter-output>
          </reporter-output>
        </test-method> <!-- test_2_Construccion -->
        <test-method signature="test_2_Construccion(java.lang.String,int)[pri:2, instance:DeckBuildTest.TestDeckBuild@3d246ea3]" started-at="2022-01-16T22:04:59 ART" name="test_2_Construccion" data-provider="deckCards" finished-at="2022-01-16T22:05:00 ART" duration-ms="941" status="PASS">
          <params>
            <param index="0">
              <value>
                <![CDATA[//img[@src='https://shadowverse-portal.com/image/card/phase2/common/C/C_120621010.png?202216151']]]>
              </value>
            </param>
            <param index="1">
              <value>
                <![CDATA[3]]>
              </value>
            </param>
          </params>
          <reporter-output>
          </reporter-output>
        </test-method> <!-- test_2_Construccion -->
        <test-method signature="test_2_Construccion(java.lang.String,int)[pri:2, instance:DeckBuildTest.TestDeckBuild@3d246ea3]" started-at="2022-01-16T22:05:00 ART" name="test_2_Construccion" data-provider="deckCards" finished-at="2022-01-16T22:05:01 ART" duration-ms="1279" status="PASS">
          <params>
            <param index="0">
              <value>
                <![CDATA[//img[@src='https://shadowverse-portal.com/image/card/phase2/common/C/C_100614020.png?202216151']]]>
              </value>
            </param>
            <param index="1">
              <value>
                <![CDATA[3]]>
              </value>
            </param>
          </params>
          <reporter-output>
          </reporter-output>
        </test-method> <!-- test_2_Construccion -->
        <test-method signature="test_2_Construccion(java.lang.String,int)[pri:2, instance:DeckBuildTest.TestDeckBuild@3d246ea3]" started-at="2022-01-16T22:05:01 ART" name="test_2_Construccion" data-provider="deckCards" finished-at="2022-01-16T22:05:02 ART" duration-ms="1046" status="PASS">
          <params>
            <param index="0">
              <value>
                <![CDATA[//img[@src='https://shadowverse-portal.com/image/card/phase2/common/C/C_122634010.png?202216151']]]>
              </value>
            </param>
            <param index="1">
              <value>
                <![CDATA[3]]>
              </value>
            </param>
          </params>
          <reporter-output>
          </reporter-output>
        </test-method> <!-- test_2_Construccion -->
        <test-method signature="test_2_Construccion(java.lang.String,int)[pri:2, instance:DeckBuildTest.TestDeckBuild@3d246ea3]" started-at="2022-01-16T22:05:02 ART" name="test_2_Construccion" data-provider="deckCards" finished-at="2022-01-16T22:05:03 ART" duration-ms="1026" status="PASS">
          <params>
            <param index="0">
              <value>
                <![CDATA[//img[@src='https://shadowverse-portal.com/image/card/phase2/common/C/C_121641030.png?202216151']]]>
              </value>
            </param>
            <param index="1">
              <value>
                <![CDATA[3]]>
              </value>
            </param>
          </params>
          <reporter-output>
          </reporter-output>
        </test-method> <!-- test_2_Construccion -->
        <test-method signature="test_2_Construccion(java.lang.String,int)[pri:2, instance:DeckBuildTest.TestDeckBuild@3d246ea3]" started-at="2022-01-16T22:05:03 ART" name="test_2_Construccion" data-provider="deckCards" finished-at="2022-01-16T22:05:04 ART" duration-ms="972" status="PASS">
          <params>
            <param index="0">
              <value>
                <![CDATA[//img[@src='https://shadowverse-portal.com/image/card/phase2/common/C/C_122641020.png?202216151']]]>
              </value>
            </param>
            <param index="1">
              <value>
                <![CDATA[3]]>
              </value>
            </param>
          </params>
          <reporter-output>
          </reporter-output>
        </test-method> <!-- test_2_Construccion -->
        <test-method signature="test_2_Construccion(java.lang.String,int)[pri:2, instance:DeckBuildTest.TestDeckBuild@3d246ea3]" started-at="2022-01-16T22:05:04 ART" name="test_2_Construccion" data-provider="deckCards" finished-at="2022-01-16T22:05:05 ART" duration-ms="638" status="PASS">
          <params>
            <param index="0">
              <value>
                <![CDATA[//img[@src='https://shadowverse-portal.com/image/card/phase2/common/C/C_119631020.png?202216151']]]>
              </value>
            </param>
            <param index="1">
              <value>
                <![CDATA[2]]>
              </value>
            </param>
          </params>
          <reporter-output>
          </reporter-output>
        </test-method> <!-- test_2_Construccion -->
        <test-method signature="test_2_Construccion(java.lang.String,int)[pri:2, instance:DeckBuildTest.TestDeckBuild@3d246ea3]" started-at="2022-01-16T22:05:05 ART" name="test_2_Construccion" data-provider="deckCards" finished-at="2022-01-16T22:05:06 ART" duration-ms="680" status="PASS">
          <params>
            <param index="0">
              <value>
                <![CDATA[//img[@src='https://shadowverse-portal.com/image/card/phase2/common/C/C_121631010.png?202216151']]]>
              </value>
            </param>
            <param index="1">
              <value>
                <![CDATA[2]]>
              </value>
            </param>
          </params>
          <reporter-output>
          </reporter-output>
        </test-method> <!-- test_2_Construccion -->
        <test-method signature="test_2_Construccion(java.lang.String,int)[pri:2, instance:DeckBuildTest.TestDeckBuild@3d246ea3]" started-at="2022-01-16T22:05:06 ART" name="test_2_Construccion" data-provider="deckCards" finished-at="2022-01-16T22:05:07 ART" duration-ms="978" status="PASS">
          <params>
            <param index="0">
              <value>
                <![CDATA[//img[@src='https://shadowverse-portal.com/image/card/phase2/common/C/C_122621010.png?202216151']]]>
              </value>
            </param>
            <param index="1">
              <value>
                <![CDATA[3]]>
              </value>
            </param>
          </params>
          <reporter-output>
          </reporter-output>
        </test-method> <!-- test_2_Construccion -->
        <test-method signature="test_2_Construccion(java.lang.String,int)[pri:2, instance:DeckBuildTest.TestDeckBuild@3d246ea3]" started-at="2022-01-16T22:05:07 ART" name="test_2_Construccion" data-provider="deckCards" finished-at="2022-01-16T22:05:08 ART" duration-ms="936" status="PASS">
          <params>
            <param index="0">
              <value>
                <![CDATA[//img[@src='https://shadowverse-portal.com/image/card/phase2/common/C/C_121611030.png?202216151']]]>
              </value>
            </param>
            <param index="1">
              <value>
                <![CDATA[3]]>
              </value>
            </param>
          </params>
          <reporter-output>
          </reporter-output>
        </test-method> <!-- test_2_Construccion -->
        <test-method signature="test_2_Construccion(java.lang.String,int)[pri:2, instance:DeckBuildTest.TestDeckBuild@3d246ea3]" started-at="2022-01-16T22:05:08 ART" name="test_2_Construccion" data-provider="deckCards" finished-at="2022-01-16T22:05:08 ART" duration-ms="372" status="PASS">
          <params>
            <param index="0">
              <value>
                <![CDATA[//img[@src='https://shadowverse-portal.com/image/card/phase2/common/C/C_119641020.png?202216151']]]>
              </value>
            </param>
            <param index="1">
              <value>
                <![CDATA[1]]>
              </value>
            </param>
          </params>
          <reporter-output>
          </reporter-output>
        </test-method> <!-- test_2_Construccion -->
        <test-method signature="test_2_Construccion(java.lang.String,int)[pri:2, instance:DeckBuildTest.TestDeckBuild@3d246ea3]" started-at="2022-01-16T22:05:08 ART" name="test_2_Construccion" data-provider="deckCards" finished-at="2022-01-16T22:05:09 ART" duration-ms="653" status="PASS">
          <params>
            <param index="0">
              <value>
                <![CDATA[//img[@src='https://shadowverse-portal.com/image/card/phase2/common/C/C_121641020.png?202216151']]]>
              </value>
            </param>
            <param index="1">
              <value>
                <![CDATA[2]]>
              </value>
            </param>
          </params>
          <reporter-output>
          </reporter-output>
        </test-method> <!-- test_2_Construccion -->
        <test-method signature="test_2_Construccion(java.lang.String,int)[pri:2, instance:DeckBuildTest.TestDeckBuild@3d246ea3]" started-at="2022-01-16T22:05:09 ART" name="test_2_Construccion" data-provider="deckCards" finished-at="2022-01-16T22:05:10 ART" duration-ms="948" status="PASS">
          <params>
            <param index="0">
              <value>
                <![CDATA[//img[@src='https://shadowverse-portal.com/image/card/phase2/common/C/C_122621020.png?202216151']]]>
              </value>
            </param>
            <param index="1">
              <value>
                <![CDATA[3]]>
              </value>
            </param>
          </params>
          <reporter-output>
          </reporter-output>
        </test-method> <!-- test_2_Construccion -->
        <test-method signature="test_3_Code()[pri:3, instance:DeckBuildTest.TestDeckBuild@3d246ea3]" started-at="2022-01-16T22:05:10 ART" name="test_3_Code" finished-at="2022-01-16T22:05:12 ART" duration-ms="2694" status="PASS">
          <reporter-output>
          </reporter-output>
        </test-method> <!-- test_3_Code -->
        <test-method is-config="true" signature="tearDown()[pri:0, instance:DeckBuildTest.TestDeckBuild@3d246ea3]" started-at="2022-01-16T22:05:12 ART" name="tearDown" finished-at="2022-01-16T22:05:12 ART" duration-ms="135" status="PASS">
          <reporter-output>
          </reporter-output>
        </test-method> <!-- tearDown -->
      </class> <!-- DeckBuildTest.TestDeckBuild -->
    </test> <!-- Default test -->
  </suite> <!-- Default suite -->
</testng-results>
