<?xml version="1.0" encoding="UTF-8"?>
<testng-results ignored="0" total="16" passed="16" failed="0" skipped="0">
  <reporter-output>
  </reporter-output>
  <suite started-at="2022-01-14T19:10:18 ART" name="Default suite" finished-at="2022-01-14T19:11:56 ART" duration-ms="98283">
    <groups>
    </groups>
    <test started-at="2022-01-14T19:10:18 ART" name="Default test" finished-at="2022-01-14T19:11:56 ART" duration-ms="98283">
      <class name="DeckBuildTest.TestDeckBuild">
        <test-method is-config="true" signature="setUp()[pri:0, instance:DeckBuildTest.TestDeckBuild@301eda63]" started-at="2022-01-14T19:10:18 ART" name="setUp" finished-at="2022-01-14T19:10:27 ART" duration-ms="9102" status="PASS">
          <reporter-output>
          </reporter-output>
        </test-method> <!-- setUp -->
        <test-method signature="test_1_Navegacion()[pri:1, instance:DeckBuildTest.TestDeckBuild@301eda63]" started-at="2022-01-14T19:10:27 ART" name="test_1_Navegacion" finished-at="2022-01-14T19:11:03 ART" duration-ms="36133" status="PASS">
          <reporter-output>
          </reporter-output>
        </test-method> <!-- test_1_Navegacion -->
        <test-method signature="test_2_Construccion(java.lang.String,int)[pri:2, instance:DeckBuildTest.TestDeckBuild@301eda63]" started-at="2022-01-14T19:11:03 ART" name="test_2_Construccion" data-provider="deckCards" finished-at="2022-01-14T19:11:07 ART" duration-ms="3966" status="PASS">
          <params>
            <param index="0">
              <value>
                <![CDATA[//img[@src='https://shadowverse-portal.com/image/card/phase2/common/C/C_119611010.png?202216151']]]>
              </value>
            </param>
            <param index="1">
              <value>
                <![CDATA[3]]>
              </value>
            </param>
          </params>
          <reporter-output>
          </reporter-output>
        </test-method> <!-- test_2_Construccion -->
        <test-method signature="test_2_Construccion(java.lang.String,int)[pri:2, instance:DeckBuildTest.TestDeckBuild@301eda63]" started-at="2022-01-14T19:11:07 ART" name="test_2_Construccion" data-provider="deckCards" finished-at="2022-01-14T19:11:11 ART" duration-ms="3905" status="PASS">
          <params>
            <param index="0">
              <value>
                <![CDATA[//img[@src='https://shadowverse-portal.com/image/card/phase2/common/C/C_122613010.png?202216151']]]>
              </value>
            </param>
            <param index="1">
              <value>
                <![CDATA[3]]>
              </value>
            </param>
          </params>
          <reporter-output>
          </reporter-output>
        </test-method> <!-- test_2_Construccion -->
        <test-method signature="test_2_Construccion(java.lang.String,int)[pri:2, instance:DeckBuildTest.TestDeckBuild@301eda63]" started-at="2022-01-14T19:11:11 ART" name="test_2_Construccion" data-provider="deckCards" finished-at="2022-01-14T19:11:15 ART" duration-ms="4017" status="PASS">
          <params>
            <param index="0">
              <value>
                <![CDATA[//img[@src='https://shadowverse-portal.com/image/card/phase2/common/C/C_118611010.png?202216151']]]>
              </value>
            </param>
            <param index="1">
              <value>
                <![CDATA[3]]>
              </value>
            </param>
          </params>
          <reporter-output>
          </reporter-output>
        </test-method> <!-- test_2_Construccion -->
        <test-method signature="test_2_Construccion(java.lang.String,int)[pri:2, instance:DeckBuildTest.TestDeckBuild@301eda63]" started-at="2022-01-14T19:11:15 ART" name="test_2_Construccion" data-provider="deckCards" finished-at="2022-01-14T19:11:19 ART" duration-ms="3792" status="PASS">
          <params>
            <param index="0">
              <value>
                <![CDATA[//img[@src='https://shadowverse-portal.com/image/card/phase2/common/C/C_120621010.png?202216151']]]>
              </value>
            </param>
            <param index="1">
              <value>
                <![CDATA[3]]>
              </value>
            </param>
          </params>
          <reporter-output>
          </reporter-output>
        </test-method> <!-- test_2_Construccion -->
        <test-method signature="test_2_Construccion(java.lang.String,int)[pri:2, instance:DeckBuildTest.TestDeckBuild@301eda63]" started-at="2022-01-14T19:11:19 ART" name="test_2_Construccion" data-provider="deckCards" finished-at="2022-01-14T19:11:23 ART" duration-ms="4029" status="PASS">
          <params>
            <param index="0">
              <value>
                <![CDATA[//img[@src='https://shadowverse-portal.com/image/card/phase2/common/C/C_100614020.png?202216151']]]>
              </value>
            </param>
            <param index="1">
              <value>
                <![CDATA[3]]>
              </value>
            </param>
          </params>
          <reporter-output>
          </reporter-output>
        </test-method> <!-- test_2_Construccion -->
        <test-method signature="test_2_Construccion(java.lang.String,int)[pri:2, instance:DeckBuildTest.TestDeckBuild@301eda63]" started-at="2022-01-14T19:11:23 ART" name="test_2_Construccion" data-provider="deckCards" finished-at="2022-01-14T19:11:27 ART" duration-ms="3886" status="PASS">
          <params>
            <param index="0">
              <value>
                <![CDATA[//img[@src='https://shadowverse-portal.com/image/card/phase2/common/C/C_122634010.png?202216151']]]>
              </value>
            </param>
            <param index="1">
              <value>
                <![CDATA[3]]>
              </value>
            </param>
          </params>
          <reporter-output>
          </reporter-output>
        </test-method> <!-- test_2_Construccion -->
        <test-method signature="test_2_Construccion(java.lang.String,int)[pri:2, instance:DeckBuildTest.TestDeckBuild@301eda63]" started-at="2022-01-14T19:11:27 ART" name="test_2_Construccion" data-provider="deckCards" finished-at="2022-01-14T19:11:31 ART" duration-ms="3777" status="PASS">
          <params>
            <param index="0">
              <value>
                <![CDATA[//img[@src='https://shadowverse-portal.com/image/card/phase2/common/C/C_121641030.png?202216151']]]>
              </value>
            </param>
            <param index="1">
              <value>
                <![CDATA[3]]>
              </value>
            </param>
          </params>
          <reporter-output>
          </reporter-output>
        </test-method> <!-- test_2_Construccion -->
        <test-method signature="test_2_Construccion(java.lang.String,int)[pri:2, instance:DeckBuildTest.TestDeckBuild@301eda63]" started-at="2022-01-14T19:11:31 ART" name="test_2_Construccion" data-provider="deckCards" finished-at="2022-01-14T19:11:35 ART" duration-ms="4024" status="PASS">
          <params>
            <param index="0">
              <value>
                <![CDATA[//img[@src='https://shadowverse-portal.com/image/card/phase2/common/C/C_122641020.png?202216151']]]>
              </value>
            </param>
            <param index="1">
              <value>
                <![CDATA[3]]>
              </value>
            </param>
          </params>
          <reporter-output>
          </reporter-output>
        </test-method> <!-- test_2_Construccion -->
        <test-method signature="test_2_Construccion(java.lang.String,int)[pri:2, instance:DeckBuildTest.TestDeckBuild@301eda63]" started-at="2022-01-14T19:11:35 ART" name="test_2_Construccion" data-provider="deckCards" finished-at="2022-01-14T19:11:37 ART" duration-ms="2527" status="PASS">
          <params>
            <param index="0">
              <value>
                <![CDATA[//img[@src='https://shadowverse-portal.com/image/card/phase2/common/C/C_119631020.png?202216151']]]>
              </value>
            </param>
            <param index="1">
              <value>
                <![CDATA[2]]>
              </value>
            </param>
          </params>
          <reporter-output>
          </reporter-output>
        </test-method> <!-- test_2_Construccion -->
        <test-method signature="test_2_Construccion(java.lang.String,int)[pri:2, instance:DeckBuildTest.TestDeckBuild@301eda63]" started-at="2022-01-14T19:11:37 ART" name="test_2_Construccion" data-provider="deckCards" finished-at="2022-01-14T19:11:40 ART" duration-ms="2712" status="PASS">
          <params>
            <param index="0">
              <value>
                <![CDATA[//img[@src='https://shadowverse-portal.com/image/card/phase2/common/C/C_121631010.png?202216151']]]>
              </value>
            </param>
            <param index="1">
              <value>
                <![CDATA[2]]>
              </value>
            </param>
          </params>
          <reporter-output>
          </reporter-output>
        </test-method> <!-- test_2_Construccion -->
        <test-method signature="test_2_Construccion(java.lang.String,int)[pri:2, instance:DeckBuildTest.TestDeckBuild@301eda63]" started-at="2022-01-14T19:11:40 ART" name="test_2_Construccion" data-provider="deckCards" finished-at="2022-01-14T19:11:44 ART" duration-ms="4016" status="PASS">
          <params>
            <param index="0">
              <value>
                <![CDATA[//img[@src='https://shadowverse-portal.com/image/card/phase2/common/C/C_122621010.png?202216151']]]>
              </value>
            </param>
            <param index="1">
              <value>
                <![CDATA[3]]>
              </value>
            </param>
          </params>
          <reporter-output>
          </reporter-output>
        </test-method> <!-- test_2_Construccion -->
        <test-method signature="test_2_Construccion(java.lang.String,int)[pri:2, instance:DeckBuildTest.TestDeckBuild@301eda63]" started-at="2022-01-14T19:11:44 ART" name="test_2_Construccion" data-provider="deckCards" finished-at="2022-01-14T19:11:48 ART" duration-ms="4093" status="PASS">
          <params>
            <param index="0">
              <value>
                <![CDATA[//img[@src='https://shadowverse-portal.com/image/card/phase2/common/C/C_121611030.png?202216151']]]>
              </value>
            </param>
            <param index="1">
              <value>
                <![CDATA[3]]>
              </value>
            </param>
          </params>
          <reporter-output>
          </reporter-output>
        </test-method> <!-- test_2_Construccion -->
        <test-method signature="test_2_Construccion(java.lang.String,int)[pri:2, instance:DeckBuildTest.TestDeckBuild@301eda63]" started-at="2022-01-14T19:11:48 ART" name="test_2_Construccion" data-provider="deckCards" finished-at="2022-01-14T19:11:49 ART" duration-ms="1367" status="PASS">
          <params>
            <param index="0">
              <value>
                <![CDATA[//img[@src='https://shadowverse-portal.com/image/card/phase2/common/C/C_119641020.png?202216151']]]>
              </value>
            </param>
            <param index="1">
              <value>
                <![CDATA[1]]>
              </value>
            </param>
          </params>
          <reporter-output>
          </reporter-output>
        </test-method> <!-- test_2_Construccion -->
        <test-method signature="test_2_Construccion(java.lang.String,int)[pri:2, instance:DeckBuildTest.TestDeckBuild@301eda63]" started-at="2022-01-14T19:11:49 ART" name="test_2_Construccion" data-provider="deckCards" finished-at="2022-01-14T19:11:52 ART" duration-ms="2503" status="PASS">
          <params>
            <param index="0">
              <value>
                <![CDATA[//img[@src='https://shadowverse-portal.com/image/card/phase2/common/C/C_121641020.png?202216151']]]>
              </value>
            </param>
            <param index="1">
              <value>
                <![CDATA[2]]>
              </value>
            </param>
          </params>
          <reporter-output>
          </reporter-output>
        </test-method> <!-- test_2_Construccion -->
        <test-method signature="test_2_Construccion(java.lang.String,int)[pri:2, instance:DeckBuildTest.TestDeckBuild@301eda63]" started-at="2022-01-14T19:11:52 ART" name="test_2_Construccion" data-provider="deckCards" finished-at="2022-01-14T19:11:56 ART" duration-ms="4000" status="PASS">
          <params>
            <param index="0">
              <value>
                <![CDATA[//img[@src='https://shadowverse-portal.com/image/card/phase2/common/C/C_122621020.png?202216151']]]>
              </value>
            </param>
            <param index="1">
              <value>
                <![CDATA[3]]>
              </value>
            </param>
          </params>
          <reporter-output>
          </reporter-output>
        </test-method> <!-- test_2_Construccion -->
        <test-method is-config="true" signature="tearDown()[pri:0, instance:DeckBuildTest.TestDeckBuild@301eda63]" started-at="2022-01-14T19:11:56 ART" name="tearDown" finished-at="2022-01-14T19:11:56 ART" duration-ms="268" status="PASS">
          <reporter-output>
          </reporter-output>
        </test-method> <!-- tearDown -->
      </class> <!-- DeckBuildTest.TestDeckBuild -->
    </test> <!-- Default test -->
  </suite> <!-- Default suite -->
</testng-results>
