<?xml version="1.0" encoding="UTF-8"?>
<testng-results ignored="0" total="17" passed="17" failed="0" skipped="0">
  <reporter-output>
  </reporter-output>
  <suite started-at="2022-06-20T23:42:02 ART" name="TestSuite" finished-at="2022-06-20T23:44:09 ART" duration-ms="126701">
    <groups>
    </groups>
    <test started-at="2022-06-20T23:42:02 ART" name="CHROME" finished-at="2022-06-20T23:44:09 ART" duration-ms="126701">
      <class name="DeckBuildTest.TestDeckBuild">
        <test-method is-config="true" signature="setUp(java.lang.String,java.lang.String)[pri:0, instance:DeckBuildTest.TestDeckBuild@74707df8]" started-at="2022-06-20T23:42:02 ART" name="setUp" finished-at="2022-06-20T23:42:20 ART" duration-ms="17900" status="PASS">
          <params>
            <param index="0">
              <value>
                <![CDATA[CHROME]]>
              </value>
            </param>
            <param index="1">
              <value>
                <![CDATA[http://localhost:4444/wd/hub]]>
              </value>
            </param>
          </params>
          <reporter-output>
          </reporter-output>
        </test-method> <!-- setUp -->
        <test-method signature="test_1_Navegacion()[pri:1, instance:DeckBuildTest.TestDeckBuild@74707df8]" started-at="2022-06-20T23:42:20 ART" name="test_1_Navegacion" finished-at="2022-06-20T23:43:05 ART" duration-ms="44861" status="PASS">
          <reporter-output>
          </reporter-output>
        </test-method> <!-- test_1_Navegacion -->
        <test-method signature="test_2_Construccion(org.openqa.selenium.By,int,java.lang.String)[pri:2, instance:DeckBuildTest.TestDeckBuild@74707df8]" started-at="2022-06-20T23:43:05 ART" name="test_2_Construccion" data-provider="deckCards" finished-at="2022-06-20T23:43:07 ART" duration-ms="1311" status="PASS">
          <params>
            <param index="0">
              <value>
                <![CDATA[By.xpath: //img[contains(@src, 'C_119611010.png')]]]>
              </value>
            </param>
            <param index="1">
              <value>
                <![CDATA[3]]>
              </value>
            </param>
            <param index="2">
              <value>
                <![CDATA[Vampiro Carmesí]]>
              </value>
            </param>
          </params>
          <reporter-output>
          </reporter-output>
        </test-method> <!-- test_2_Construccion -->
        <test-method signature="test_2_Construccion(org.openqa.selenium.By,int,java.lang.String)[pri:2, instance:DeckBuildTest.TestDeckBuild@74707df8]" started-at="2022-06-20T23:43:07 ART" name="test_2_Construccion" data-provider="deckCards" finished-at="2022-06-20T23:43:09 ART" duration-ms="1979" status="PASS">
          <params>
            <param index="0">
              <value>
                <![CDATA[By.xpath: //img[contains(@src, 'C_122613010.png')]]]>
              </value>
            </param>
            <param index="1">
              <value>
                <![CDATA[3]]>
              </value>
            </param>
            <param index="2">
              <value>
                <![CDATA[Colgante de Sangre Fresca]]>
              </value>
            </param>
          </params>
          <reporter-output>
          </reporter-output>
        </test-method> <!-- test_2_Construccion -->
        <test-method signature="test_2_Construccion(org.openqa.selenium.By,int,java.lang.String)[pri:2, instance:DeckBuildTest.TestDeckBuild@74707df8]" started-at="2022-06-20T23:43:09 ART" name="test_2_Construccion" data-provider="deckCards" finished-at="2022-06-20T23:43:18 ART" duration-ms="9519" status="PASS">
          <params>
            <param index="0">
              <value>
                <![CDATA[By.xpath: //img[contains(@src, 'C_118611010.png')]]]>
              </value>
            </param>
            <param index="1">
              <value>
                <![CDATA[3]]>
              </value>
            </param>
            <param index="2">
              <value>
                <![CDATA[Lic�ntropa Peleona]]>
              </value>
            </param>
          </params>
          <reporter-output>
          </reporter-output>
        </test-method> <!-- test_2_Construccion -->
        <test-method signature="test_2_Construccion(org.openqa.selenium.By,int,java.lang.String)[pri:2, instance:DeckBuildTest.TestDeckBuild@74707df8]" started-at="2022-06-20T23:43:18 ART" name="test_2_Construccion" data-provider="deckCards" finished-at="2022-06-20T23:43:20 ART" duration-ms="1676" status="PASS">
          <params>
            <param index="0">
              <value>
                <![CDATA[By.xpath: //img[contains(@src, 'C_120621010.png')]]]>
              </value>
            </param>
            <param index="1">
              <value>
                <![CDATA[3]]>
              </value>
            </param>
            <param index="2">
              <value>
                <![CDATA[Diabla de los Accesorios]]>
              </value>
            </param>
          </params>
          <reporter-output>
          </reporter-output>
        </test-method> <!-- test_2_Construccion -->
        <test-method signature="test_2_Construccion(org.openqa.selenium.By,int,java.lang.String)[pri:2, instance:DeckBuildTest.TestDeckBuild@74707df8]" started-at="2022-06-20T23:43:20 ART" name="test_2_Construccion" data-provider="deckCards" finished-at="2022-06-20T23:43:22 ART" duration-ms="2013" status="PASS">
          <params>
            <param index="0">
              <value>
                <![CDATA[By.xpath: //img[contains(@src, 'C_100614020.png')]]]>
              </value>
            </param>
            <param index="1">
              <value>
                <![CDATA[3]]>
              </value>
            </param>
            <param index="2">
              <value>
                <![CDATA[Garra Afilada]]>
              </value>
            </param>
          </params>
          <reporter-output>
          </reporter-output>
        </test-method> <!-- test_2_Construccion -->
        <test-method signature="test_2_Construccion(org.openqa.selenium.By,int,java.lang.String)[pri:2, instance:DeckBuildTest.TestDeckBuild@74707df8]" started-at="2022-06-20T23:43:22 ART" name="test_2_Construccion" data-provider="deckCards" finished-at="2022-06-20T23:43:24 ART" duration-ms="1775" status="PASS">
          <params>
            <param index="0">
              <value>
                <![CDATA[By.xpath: //img[contains(@src, 'C_122634010.png')]]]>
              </value>
            </param>
            <param index="1">
              <value>
                <![CDATA[3]]>
              </value>
            </param>
            <param index="2">
              <value>
                <![CDATA[Orden Oscura]]>
              </value>
            </param>
          </params>
          <reporter-output>
          </reporter-output>
        </test-method> <!-- test_2_Construccion -->
        <test-method signature="test_2_Construccion(org.openqa.selenium.By,int,java.lang.String)[pri:2, instance:DeckBuildTest.TestDeckBuild@74707df8]" started-at="2022-06-20T23:43:24 ART" name="test_2_Construccion" data-provider="deckCards" finished-at="2022-06-20T23:43:25 ART" duration-ms="1681" status="PASS">
          <params>
            <param index="0">
              <value>
                <![CDATA[By.xpath: //img[contains(@src, 'C_121641030.png')]]]>
              </value>
            </param>
            <param index="1">
              <value>
                <![CDATA[3]]>
              </value>
            </param>
            <param index="2">
              <value>
                <![CDATA[Urias, Vampiro del Fin]]>
              </value>
            </param>
          </params>
          <reporter-output>
          </reporter-output>
        </test-method> <!-- test_2_Construccion -->
        <test-method signature="test_2_Construccion(org.openqa.selenium.By,int,java.lang.String)[pri:2, instance:DeckBuildTest.TestDeckBuild@74707df8]" started-at="2022-06-20T23:43:25 ART" name="test_2_Construccion" data-provider="deckCards" finished-at="2022-06-20T23:43:27 ART" duration-ms="1457" status="PASS">
          <params>
            <param index="0">
              <value>
                <![CDATA[By.xpath: //img[contains(@src, 'C_122641020.png')]]]>
              </value>
            </param>
            <param index="1">
              <value>
                <![CDATA[3]]>
              </value>
            </param>
            <param index="2">
              <value>
                <![CDATA[Vampira del Cielo Nocturno]]>
              </value>
            </param>
          </params>
          <reporter-output>
          </reporter-output>
        </test-method> <!-- test_2_Construccion -->
        <test-method signature="test_2_Construccion(org.openqa.selenium.By,int,java.lang.String)[pri:2, instance:DeckBuildTest.TestDeckBuild@74707df8]" started-at="2022-06-20T23:43:27 ART" name="test_2_Construccion" data-provider="deckCards" finished-at="2022-06-20T23:43:43 ART" duration-ms="16350" status="PASS">
          <params>
            <param index="0">
              <value>
                <![CDATA[By.xpath: //img[contains(@src, 'C_119631020.png')]]]>
              </value>
            </param>
            <param index="1">
              <value>
                <![CDATA[2]]>
              </value>
            </param>
            <param index="2">
              <value>
                <![CDATA[Caballera Oscura del Purgatorio]]>
              </value>
            </param>
          </params>
          <reporter-output>
          </reporter-output>
        </test-method> <!-- test_2_Construccion -->
        <test-method signature="test_2_Construccion(org.openqa.selenium.By,int,java.lang.String)[pri:2, instance:DeckBuildTest.TestDeckBuild@74707df8]" started-at="2022-06-20T23:43:43 ART" name="test_2_Construccion" data-provider="deckCards" finished-at="2022-06-20T23:43:44 ART" duration-ms="1227" status="PASS">
          <params>
            <param index="0">
              <value>
                <![CDATA[By.xpath: //img[contains(@src, 'C_121631010.png')]]]>
              </value>
            </param>
            <param index="1">
              <value>
                <![CDATA[2]]>
              </value>
            </param>
            <param index="2">
              <value>
                <![CDATA[Diva Demoniaca]]>
              </value>
            </param>
          </params>
          <reporter-output>
          </reporter-output>
        </test-method> <!-- test_2_Construccion -->
        <test-method signature="test_2_Construccion(org.openqa.selenium.By,int,java.lang.String)[pri:2, instance:DeckBuildTest.TestDeckBuild@74707df8]" started-at="2022-06-20T23:43:44 ART" name="test_2_Construccion" data-provider="deckCards" finished-at="2022-06-20T23:43:46 ART" duration-ms="1955" status="PASS">
          <params>
            <param index="0">
              <value>
                <![CDATA[By.xpath: //img[contains(@src, 'C_122621010.png')]]]>
              </value>
            </param>
            <param index="1">
              <value>
                <![CDATA[3]]>
              </value>
            </param>
            <param index="2">
              <value>
                <![CDATA[Diabla Señorial]]>
              </value>
            </param>
          </params>
          <reporter-output>
          </reporter-output>
        </test-method> <!-- test_2_Construccion -->
        <test-method signature="test_2_Construccion(org.openqa.selenium.By,int,java.lang.String)[pri:2, instance:DeckBuildTest.TestDeckBuild@74707df8]" started-at="2022-06-20T23:43:46 ART" name="test_2_Construccion" data-provider="deckCards" finished-at="2022-06-20T23:43:48 ART" duration-ms="1629" status="PASS">
          <params>
            <param index="0">
              <value>
                <![CDATA[By.xpath: //img[contains(@src, 'C_121611030.png')]]]>
              </value>
            </param>
            <param index="1">
              <value>
                <![CDATA[3]]>
              </value>
            </param>
            <param index="2">
              <value>
                <![CDATA[Ogro de la Desolación]]>
              </value>
            </param>
          </params>
          <reporter-output>
          </reporter-output>
        </test-method> <!-- test_2_Construccion -->
        <test-method signature="test_2_Construccion(org.openqa.selenium.By,int,java.lang.String)[pri:2, instance:DeckBuildTest.TestDeckBuild@74707df8]" started-at="2022-06-20T23:43:48 ART" name="test_2_Construccion" data-provider="deckCards" finished-at="2022-06-20T23:43:58 ART" duration-ms="10237" status="PASS">
          <params>
            <param index="0">
              <value>
                <![CDATA[By.xpath: //img[contains(@src, 'C_119641020.png')]]]>
              </value>
            </param>
            <param index="1">
              <value>
                <![CDATA[1]]>
              </value>
            </param>
            <param index="2">
              <value>
                <![CDATA[Xeno-Diabolos]]>
              </value>
            </param>
          </params>
          <reporter-output>
          </reporter-output>
        </test-method> <!-- test_2_Construccion -->
        <test-method signature="test_2_Construccion(org.openqa.selenium.By,int,java.lang.String)[pri:2, instance:DeckBuildTest.TestDeckBuild@74707df8]" started-at="2022-06-20T23:43:58 ART" name="test_2_Construccion" data-provider="deckCards" finished-at="2022-06-20T23:44:00 ART" duration-ms="1362" status="PASS">
          <params>
            <param index="0">
              <value>
                <![CDATA[By.xpath: //img[contains(@src, 'C_121641020.png')]]]>
              </value>
            </param>
            <param index="1">
              <value>
                <![CDATA[2]]>
              </value>
            </param>
            <param index="2">
              <value>
                <![CDATA[Gran Demonio de las Fieras]]>
              </value>
            </param>
          </params>
          <reporter-output>
          </reporter-output>
        </test-method> <!-- test_2_Construccion -->
        <test-method signature="test_2_Construccion(org.openqa.selenium.By,int,java.lang.String)[pri:2, instance:DeckBuildTest.TestDeckBuild@74707df8]" started-at="2022-06-20T23:44:00 ART" name="test_2_Construccion" data-provider="deckCards" finished-at="2022-06-20T23:44:02 ART" duration-ms="2316" status="PASS">
          <params>
            <param index="0">
              <value>
                <![CDATA[By.xpath: //img[contains(@src, 'C_122621020.png')]]]>
              </value>
            </param>
            <param index="1">
              <value>
                <![CDATA[3]]>
              </value>
            </param>
            <param index="2">
              <value>
                <![CDATA[Lobo Oscuro Traicionero]]>
              </value>
            </param>
          </params>
          <reporter-output>
          </reporter-output>
        </test-method> <!-- test_2_Construccion -->
        <test-method signature="test_3_Code()[pri:3, instance:DeckBuildTest.TestDeckBuild@74707df8]" started-at="2022-06-20T23:44:02 ART" name="test_3_Code" finished-at="2022-06-20T23:44:03 ART" duration-ms="453" status="PASS">
          <reporter-output>
          </reporter-output>
        </test-method> <!-- test_3_Code -->
        <test-method is-config="true" signature="tearDown()[pri:0, instance:DeckBuildTest.TestDeckBuild@74707df8]" started-at="2022-06-20T23:44:03 ART" name="tearDown" finished-at="2022-06-20T23:44:09 ART" duration-ms="6312" status="PASS">
          <reporter-output>
          </reporter-output>
        </test-method> <!-- tearDown -->
      </class> <!-- DeckBuildTest.TestDeckBuild -->
    </test> <!-- CHROME -->
  </suite> <!-- TestSuite -->
</testng-results>
