<?xml version="1.0" encoding="UTF-8"?>
<testng-results ignored="0" total="1" passed="1" failed="0" skipped="0">
  <reporter-output>
  </reporter-output>
  <suite started-at="2022-01-08T19:05:48 ART" name="Default suite" finished-at="2022-01-08T19:06:16 ART" duration-ms="28260">
    <groups>
    </groups>
    <test started-at="2022-01-08T19:05:48 ART" name="Default test" finished-at="2022-01-08T19:06:16 ART" duration-ms="28260">
      <class name="DeckBuildTest.TestDeckBuild">
        <test-method is-config="true" signature="build()[pri:0, instance:DeckBuildTest.TestDeckBuild@20f5281c]" started-at="2022-01-08T19:05:48 ART" name="build" finished-at="2022-01-08T19:05:54 ART" duration-ms="5940" status="PASS">
          <reporter-output>
          </reporter-output>
        </test-method> <!-- build -->
        <test-method signature="test()[pri:0, instance:DeckBuildTest.TestDeckBuild@20f5281c]" started-at="2022-01-08T19:05:54 ART" name="test" finished-at="2022-01-08T19:06:16 ART" duration-ms="21994" status="PASS">
          <reporter-output>
          </reporter-output>
        </test-method> <!-- test -->
        <test-method is-config="true" signature="tearDown()[pri:0, instance:DeckBuildTest.TestDeckBuild@20f5281c]" started-at="2022-01-08T19:06:16 ART" name="tearDown" finished-at="2022-01-08T19:06:16 ART" duration-ms="234" status="PASS">
          <reporter-output>
          </reporter-output>
        </test-method> <!-- tearDown -->
      </class> <!-- DeckBuildTest.TestDeckBuild -->
    </test> <!-- Default test -->
  </suite> <!-- Default suite -->
</testng-results>
