<?xml version="1.0" encoding="UTF-8"?>
<!-- Generated by org.testng.reporters.JUnitXMLReporter -->
<testsuite ignored="0" hostname="elzevir-N56VB" failures="0" tests="17" name="CHROME" time="126.701" errors="0" timestamp="2022-06-20T23:44:09 ART">
  <testcase classname="DeckBuildTest.TestDeckBuild" name="test_1_Navegacion" time="44.861"/>
  <testcase classname="DeckBuildTest.TestDeckBuild" name="test_2_Construccion" time="1.311"/>
  <testcase classname="DeckBuildTest.TestDeckBuild" name="test_2_Construccion" time="1.979"/>
  <testcase classname="DeckBuildTest.TestDeckBuild" name="test_2_Construccion" time="9.519"/>
  <testcase classname="DeckBuildTest.TestDeckBuild" name="test_2_Construccion" time="1.676"/>
  <testcase classname="DeckBuildTest.TestDeckBuild" name="test_2_Construccion" time="2.013"/>
  <testcase classname="DeckBuildTest.TestDeckBuild" name="test_2_Construccion" time="1.775"/>
  <testcase classname="DeckBuildTest.TestDeckBuild" name="test_2_Construccion" time="1.681"/>
  <testcase classname="DeckBuildTest.TestDeckBuild" name="test_2_Construccion" time="1.457"/>
  <testcase classname="DeckBuildTest.TestDeckBuild" name="test_2_Construccion" time="16.35"/>
  <testcase classname="DeckBuildTest.TestDeckBuild" name="test_2_Construccion" time="1.227"/>
  <testcase classname="DeckBuildTest.TestDeckBuild" name="test_2_Construccion" time="1.955"/>
  <testcase classname="DeckBuildTest.TestDeckBuild" name="test_2_Construccion" time="1.629"/>
  <testcase classname="DeckBuildTest.TestDeckBuild" name="test_2_Construccion" time="10.237"/>
  <testcase classname="DeckBuildTest.TestDeckBuild" name="test_2_Construccion" time="1.362"/>
  <testcase classname="DeckBuildTest.TestDeckBuild" name="test_2_Construccion" time="2.316"/>
  <testcase classname="DeckBuildTest.TestDeckBuild" name="test_3_Code" time="0.453"/>
</testsuite> <!-- CHROME -->
