<?xml version="1.0" encoding="UTF-8"?>
<!-- Generated by org.testng.reporters.JUnitXMLReporter -->
<testsuite ignored="0" hostname="elzevir-N56VB" failures="0" tests="17" name="CHROME" time="141.647" errors="0" timestamp="2022-06-29T20:42:54 ART">
  <testcase classname="DeckBuildTest.TestDeckBuild" name="test_1_Navegacion" time="38.222"/>
  <testcase classname="DeckBuildTest.TestDeckBuild" name="test_2_Construccion" time="11.444"/>
  <testcase classname="DeckBuildTest.TestDeckBuild" name="test_2_Construccion" time="1.407"/>
  <testcase classname="DeckBuildTest.TestDeckBuild" name="test_2_Construccion" time="10.584"/>
  <testcase classname="DeckBuildTest.TestDeckBuild" name="test_2_Construccion" time="1.552"/>
  <testcase classname="DeckBuildTest.TestDeckBuild" name="test_2_Construccion" time="1.537"/>
  <testcase classname="DeckBuildTest.TestDeckBuild" name="test_2_Construccion" time="1.521"/>
  <testcase classname="DeckBuildTest.TestDeckBuild" name="test_2_Construccion" time="1.549"/>
  <testcase classname="DeckBuildTest.TestDeckBuild" name="test_2_Construccion" time="1.529"/>
  <testcase classname="DeckBuildTest.TestDeckBuild" name="test_2_Construccion" time="16.189"/>
  <testcase classname="DeckBuildTest.TestDeckBuild" name="test_2_Construccion" time="1.135"/>
  <testcase classname="DeckBuildTest.TestDeckBuild" name="test_2_Construccion" time="1.637"/>
  <testcase classname="DeckBuildTest.TestDeckBuild" name="test_2_Construccion" time="1.731"/>
  <testcase classname="DeckBuildTest.TestDeckBuild" name="test_2_Construccion" time="10.259"/>
  <testcase classname="DeckBuildTest.TestDeckBuild" name="test_2_Construccion" time="0.944"/>
  <testcase classname="DeckBuildTest.TestDeckBuild" name="test_2_Construccion" time="1.493"/>
  <testcase classname="DeckBuildTest.TestDeckBuild" name="test_3_Code" time="0.19"/>
</testsuite> <!-- CHROME -->
