<?xml version="1.0" encoding="UTF-8"?>
<!-- Generated by org.testng.reporters.JUnitXMLReporter -->
<testsuite ignored="0" hostname="elzevir-N56VB" failures="17" tests="17" name="EDGE" time="36.066" errors="0" timestamp="2022-06-20T22:46:49 ART">
  <testcase classname="DeckBuildTest.TestDeckBuild" name="test_1_Navegacion" time="0.006">
    <failure type="java.lang.NullPointerException" message="Cannot invoke &amp;quot;org.openqa.selenium.WebDriver.get(String)&amp;quot; because &amp;quot;this.driver&amp;quot; is null">
      <![CDATA[java.lang.NullPointerException: Cannot invoke "org.openqa.selenium.WebDriver.get(String)" because "this.driver" is null
at PageModel.Base.navegar(Base.java:41)
at DeckBuildTest.TestDeckBuild.test_1_Navegacion(TestDeckBuild.java:59)
at java.base/java.util.ArrayList.forEach(ArrayList.java:1511)
at java.base/java.util.concurrent.FutureTask.run(FutureTask.java:264)
at java.base/java.util.concurrent.ThreadPoolExecutor.runWorker(ThreadPoolExecutor.java:1136)
at java.base/java.util.concurrent.ThreadPoolExecutor$Worker.run(ThreadPoolExecutor.java:635)
at java.base/java.lang.Thread.run(Thread.java:833)
... Removed 18 stack frames]]>
    </failure>
  </testcase> <!-- test_1_Navegacion -->
  <testcase classname="DeckBuildTest.TestDeckBuild" name="test_2_Construccion" time="0.006">
    <failure type="java.lang.NullPointerException" message="Cannot invoke &amp;quot;PageModel.ShadowDeck.clickElemento(org.openqa.selenium.By)&amp;quot; because &amp;quot;this.sd&amp;quot; is null">
      <![CDATA[java.lang.NullPointerException: Cannot invoke "PageModel.ShadowDeck.clickElemento(org.openqa.selenium.By)" because "this.sd" is null
at DeckBuildTest.TestDeckBuild.test_2_Construccion(TestDeckBuild.java:105)
at java.base/java.util.ArrayList.forEach(ArrayList.java:1511)
at java.base/java.util.concurrent.FutureTask.run(FutureTask.java:264)
at java.base/java.util.concurrent.ThreadPoolExecutor.runWorker(ThreadPoolExecutor.java:1136)
at java.base/java.util.concurrent.ThreadPoolExecutor$Worker.run(ThreadPoolExecutor.java:635)
at java.base/java.lang.Thread.run(Thread.java:833)
... Removed 18 stack frames]]>
    </failure>
  </testcase> <!-- test_2_Construccion -->
  <testcase classname="DeckBuildTest.TestDeckBuild" name="test_2_Construccion" time="0.005">
    <failure type="java.lang.NullPointerException" message="Cannot invoke &amp;quot;PageModel.ShadowDeck.clickElemento(org.openqa.selenium.By)&amp;quot; because &amp;quot;this.sd&amp;quot; is null">
      <![CDATA[java.lang.NullPointerException: Cannot invoke "PageModel.ShadowDeck.clickElemento(org.openqa.selenium.By)" because "this.sd" is null
at DeckBuildTest.TestDeckBuild.test_2_Construccion(TestDeckBuild.java:105)
at java.base/java.util.ArrayList.forEach(ArrayList.java:1511)
at java.base/java.util.concurrent.FutureTask.run(FutureTask.java:264)
at java.base/java.util.concurrent.ThreadPoolExecutor.runWorker(ThreadPoolExecutor.java:1136)
at java.base/java.util.concurrent.ThreadPoolExecutor$Worker.run(ThreadPoolExecutor.java:635)
at java.base/java.lang.Thread.run(Thread.java:833)
... Removed 17 stack frames]]>
    </failure>
  </testcase> <!-- test_2_Construccion -->
  <testcase classname="DeckBuildTest.TestDeckBuild" name="test_2_Construccion" time="0.006">
    <failure type="java.lang.NullPointerException" message="Cannot invoke &amp;quot;PageModel.ShadowDeck.clickElemento(org.openqa.selenium.By)&amp;quot; because &amp;quot;this.sd&amp;quot; is null">
      <![CDATA[java.lang.NullPointerException: Cannot invoke "PageModel.ShadowDeck.clickElemento(org.openqa.selenium.By)" because "this.sd" is null
at DeckBuildTest.TestDeckBuild.test_2_Construccion(TestDeckBuild.java:105)
at java.base/java.util.ArrayList.forEach(ArrayList.java:1511)
at java.base/java.util.concurrent.FutureTask.run(FutureTask.java:264)
at java.base/java.util.concurrent.ThreadPoolExecutor.runWorker(ThreadPoolExecutor.java:1136)
at java.base/java.util.concurrent.ThreadPoolExecutor$Worker.run(ThreadPoolExecutor.java:635)
at java.base/java.lang.Thread.run(Thread.java:833)
... Removed 17 stack frames]]>
    </failure>
  </testcase> <!-- test_2_Construccion -->
  <testcase classname="DeckBuildTest.TestDeckBuild" name="test_2_Construccion" time="0.005">
    <failure type="java.lang.NullPointerException" message="Cannot invoke &amp;quot;PageModel.ShadowDeck.clickElemento(org.openqa.selenium.By)&amp;quot; because &amp;quot;this.sd&amp;quot; is null">
      <![CDATA[java.lang.NullPointerException: Cannot invoke "PageModel.ShadowDeck.clickElemento(org.openqa.selenium.By)" because "this.sd" is null
at DeckBuildTest.TestDeckBuild.test_2_Construccion(TestDeckBuild.java:105)
at java.base/java.util.ArrayList.forEach(ArrayList.java:1511)
at java.base/java.util.concurrent.FutureTask.run(FutureTask.java:264)
at java.base/java.util.concurrent.ThreadPoolExecutor.runWorker(ThreadPoolExecutor.java:1136)
at java.base/java.util.concurrent.ThreadPoolExecutor$Worker.run(ThreadPoolExecutor.java:635)
at java.base/java.lang.Thread.run(Thread.java:833)
... Removed 17 stack frames]]>
    </failure>
  </testcase> <!-- test_2_Construccion -->
  <testcase classname="DeckBuildTest.TestDeckBuild" name="test_2_Construccion" time="0.003">
    <failure type="java.lang.NullPointerException" message="Cannot invoke &amp;quot;PageModel.ShadowDeck.clickElemento(org.openqa.selenium.By)&amp;quot; because &amp;quot;this.sd&amp;quot; is null">
      <![CDATA[java.lang.NullPointerException: Cannot invoke "PageModel.ShadowDeck.clickElemento(org.openqa.selenium.By)" because "this.sd" is null
at DeckBuildTest.TestDeckBuild.test_2_Construccion(TestDeckBuild.java:105)
at java.base/java.util.ArrayList.forEach(ArrayList.java:1511)
at java.base/java.util.concurrent.FutureTask.run(FutureTask.java:264)
at java.base/java.util.concurrent.ThreadPoolExecutor.runWorker(ThreadPoolExecutor.java:1136)
at java.base/java.util.concurrent.ThreadPoolExecutor$Worker.run(ThreadPoolExecutor.java:635)
at java.base/java.lang.Thread.run(Thread.java:833)
... Removed 17 stack frames]]>
    </failure>
  </testcase> <!-- test_2_Construccion -->
  <testcase classname="DeckBuildTest.TestDeckBuild" name="test_2_Construccion" time="0.003">
    <failure type="java.lang.NullPointerException" message="Cannot invoke &amp;quot;PageModel.ShadowDeck.clickElemento(org.openqa.selenium.By)&amp;quot; because &amp;quot;this.sd&amp;quot; is null">
      <![CDATA[java.lang.NullPointerException: Cannot invoke "PageModel.ShadowDeck.clickElemento(org.openqa.selenium.By)" because "this.sd" is null
at DeckBuildTest.TestDeckBuild.test_2_Construccion(TestDeckBuild.java:105)
at java.base/java.util.ArrayList.forEach(ArrayList.java:1511)
at java.base/java.util.concurrent.FutureTask.run(FutureTask.java:264)
at java.base/java.util.concurrent.ThreadPoolExecutor.runWorker(ThreadPoolExecutor.java:1136)
at java.base/java.util.concurrent.ThreadPoolExecutor$Worker.run(ThreadPoolExecutor.java:635)
at java.base/java.lang.Thread.run(Thread.java:833)
... Removed 17 stack frames]]>
    </failure>
  </testcase> <!-- test_2_Construccion -->
  <testcase classname="DeckBuildTest.TestDeckBuild" name="test_2_Construccion" time="0.003">
    <failure type="java.lang.NullPointerException" message="Cannot invoke &amp;quot;PageModel.ShadowDeck.clickElemento(org.openqa.selenium.By)&amp;quot; because &amp;quot;this.sd&amp;quot; is null">
      <![CDATA[java.lang.NullPointerException: Cannot invoke "PageModel.ShadowDeck.clickElemento(org.openqa.selenium.By)" because "this.sd" is null
at DeckBuildTest.TestDeckBuild.test_2_Construccion(TestDeckBuild.java:105)
at java.base/java.util.ArrayList.forEach(ArrayList.java:1511)
at java.base/java.util.concurrent.FutureTask.run(FutureTask.java:264)
at java.base/java.util.concurrent.ThreadPoolExecutor.runWorker(ThreadPoolExecutor.java:1136)
at java.base/java.util.concurrent.ThreadPoolExecutor$Worker.run(ThreadPoolExecutor.java:635)
at java.base/java.lang.Thread.run(Thread.java:833)
... Removed 17 stack frames]]>
    </failure>
  </testcase> <!-- test_2_Construccion -->
  <testcase classname="DeckBuildTest.TestDeckBuild" name="test_2_Construccion" time="0.004">
    <failure type="java.lang.NullPointerException" message="Cannot invoke &amp;quot;PageModel.ShadowDeck.clickElemento(org.openqa.selenium.By)&amp;quot; because &amp;quot;this.sd&amp;quot; is null">
      <![CDATA[java.lang.NullPointerException: Cannot invoke "PageModel.ShadowDeck.clickElemento(org.openqa.selenium.By)" because "this.sd" is null
at DeckBuildTest.TestDeckBuild.test_2_Construccion(TestDeckBuild.java:105)
at java.base/java.util.ArrayList.forEach(ArrayList.java:1511)
at java.base/java.util.concurrent.FutureTask.run(FutureTask.java:264)
at java.base/java.util.concurrent.ThreadPoolExecutor.runWorker(ThreadPoolExecutor.java:1136)
at java.base/java.util.concurrent.ThreadPoolExecutor$Worker.run(ThreadPoolExecutor.java:635)
at java.base/java.lang.Thread.run(Thread.java:833)
... Removed 17 stack frames]]>
    </failure>
  </testcase> <!-- test_2_Construccion -->
  <testcase classname="DeckBuildTest.TestDeckBuild" name="test_2_Construccion" time="0.004">
    <failure type="java.lang.NullPointerException" message="Cannot invoke &amp;quot;PageModel.ShadowDeck.clickElemento(org.openqa.selenium.By)&amp;quot; because &amp;quot;this.sd&amp;quot; is null">
      <![CDATA[java.lang.NullPointerException: Cannot invoke "PageModel.ShadowDeck.clickElemento(org.openqa.selenium.By)" because "this.sd" is null
at DeckBuildTest.TestDeckBuild.test_2_Construccion(TestDeckBuild.java:105)
at java.base/java.util.ArrayList.forEach(ArrayList.java:1511)
at java.base/java.util.concurrent.FutureTask.run(FutureTask.java:264)
at java.base/java.util.concurrent.ThreadPoolExecutor.runWorker(ThreadPoolExecutor.java:1136)
at java.base/java.util.concurrent.ThreadPoolExecutor$Worker.run(ThreadPoolExecutor.java:635)
at java.base/java.lang.Thread.run(Thread.java:833)
... Removed 17 stack frames]]>
    </failure>
  </testcase> <!-- test_2_Construccion -->
  <testcase classname="DeckBuildTest.TestDeckBuild" name="test_2_Construccion" time="0.003">
    <failure type="java.lang.NullPointerException" message="Cannot invoke &amp;quot;PageModel.ShadowDeck.clickElemento(org.openqa.selenium.By)&amp;quot; because &amp;quot;this.sd&amp;quot; is null">
      <![CDATA[java.lang.NullPointerException: Cannot invoke "PageModel.ShadowDeck.clickElemento(org.openqa.selenium.By)" because "this.sd" is null
at DeckBuildTest.TestDeckBuild.test_2_Construccion(TestDeckBuild.java:105)
at java.base/java.util.ArrayList.forEach(ArrayList.java:1511)
at java.base/java.util.concurrent.FutureTask.run(FutureTask.java:264)
at java.base/java.util.concurrent.ThreadPoolExecutor.runWorker(ThreadPoolExecutor.java:1136)
at java.base/java.util.concurrent.ThreadPoolExecutor$Worker.run(ThreadPoolExecutor.java:635)
at java.base/java.lang.Thread.run(Thread.java:833)
... Removed 17 stack frames]]>
    </failure>
  </testcase> <!-- test_2_Construccion -->
  <testcase classname="DeckBuildTest.TestDeckBuild" name="test_2_Construccion" time="0.003">
    <failure type="java.lang.NullPointerException" message="Cannot invoke &amp;quot;PageModel.ShadowDeck.clickElemento(org.openqa.selenium.By)&amp;quot; because &amp;quot;this.sd&amp;quot; is null">
      <![CDATA[java.lang.NullPointerException: Cannot invoke "PageModel.ShadowDeck.clickElemento(org.openqa.selenium.By)" because "this.sd" is null
at DeckBuildTest.TestDeckBuild.test_2_Construccion(TestDeckBuild.java:105)
at java.base/java.util.ArrayList.forEach(ArrayList.java:1511)
at java.base/java.util.concurrent.FutureTask.run(FutureTask.java:264)
at java.base/java.util.concurrent.ThreadPoolExecutor.runWorker(ThreadPoolExecutor.java:1136)
at java.base/java.util.concurrent.ThreadPoolExecutor$Worker.run(ThreadPoolExecutor.java:635)
at java.base/java.lang.Thread.run(Thread.java:833)
... Removed 17 stack frames]]>
    </failure>
  </testcase> <!-- test_2_Construccion -->
  <testcase classname="DeckBuildTest.TestDeckBuild" name="test_2_Construccion" time="0.004">
    <failure type="java.lang.NullPointerException" message="Cannot invoke &amp;quot;PageModel.ShadowDeck.clickElemento(org.openqa.selenium.By)&amp;quot; because &amp;quot;this.sd&amp;quot; is null">
      <![CDATA[java.lang.NullPointerException: Cannot invoke "PageModel.ShadowDeck.clickElemento(org.openqa.selenium.By)" because "this.sd" is null
at DeckBuildTest.TestDeckBuild.test_2_Construccion(TestDeckBuild.java:105)
at java.base/java.util.ArrayList.forEach(ArrayList.java:1511)
at java.base/java.util.concurrent.FutureTask.run(FutureTask.java:264)
at java.base/java.util.concurrent.ThreadPoolExecutor.runWorker(ThreadPoolExecutor.java:1136)
at java.base/java.util.concurrent.ThreadPoolExecutor$Worker.run(ThreadPoolExecutor.java:635)
at java.base/java.lang.Thread.run(Thread.java:833)
... Removed 17 stack frames]]>
    </failure>
  </testcase> <!-- test_2_Construccion -->
  <testcase classname="DeckBuildTest.TestDeckBuild" name="test_2_Construccion" time="0.005">
    <failure type="java.lang.NullPointerException" message="Cannot invoke &amp;quot;PageModel.ShadowDeck.clickElemento(org.openqa.selenium.By)&amp;quot; because &amp;quot;this.sd&amp;quot; is null">
      <![CDATA[java.lang.NullPointerException: Cannot invoke "PageModel.ShadowDeck.clickElemento(org.openqa.selenium.By)" because "this.sd" is null
at DeckBuildTest.TestDeckBuild.test_2_Construccion(TestDeckBuild.java:105)
at java.base/java.util.ArrayList.forEach(ArrayList.java:1511)
at java.base/java.util.concurrent.FutureTask.run(FutureTask.java:264)
at java.base/java.util.concurrent.ThreadPoolExecutor.runWorker(ThreadPoolExecutor.java:1136)
at java.base/java.util.concurrent.ThreadPoolExecutor$Worker.run(ThreadPoolExecutor.java:635)
at java.base/java.lang.Thread.run(Thread.java:833)
... Removed 17 stack frames]]>
    </failure>
  </testcase> <!-- test_2_Construccion -->
  <testcase classname="DeckBuildTest.TestDeckBuild" name="test_2_Construccion" time="0.003">
    <failure type="java.lang.NullPointerException" message="Cannot invoke &amp;quot;PageModel.ShadowDeck.clickElemento(org.openqa.selenium.By)&amp;quot; because &amp;quot;this.sd&amp;quot; is null">
      <![CDATA[java.lang.NullPointerException: Cannot invoke "PageModel.ShadowDeck.clickElemento(org.openqa.selenium.By)" because "this.sd" is null
at DeckBuildTest.TestDeckBuild.test_2_Construccion(TestDeckBuild.java:105)
at java.base/java.util.ArrayList.forEach(ArrayList.java:1511)
at java.base/java.util.concurrent.FutureTask.run(FutureTask.java:264)
at java.base/java.util.concurrent.ThreadPoolExecutor.runWorker(ThreadPoolExecutor.java:1136)
at java.base/java.util.concurrent.ThreadPoolExecutor$Worker.run(ThreadPoolExecutor.java:635)
at java.base/java.lang.Thread.run(Thread.java:833)
... Removed 17 stack frames]]>
    </failure>
  </testcase> <!-- test_2_Construccion -->
  <testcase classname="DeckBuildTest.TestDeckBuild" name="test_2_Construccion" time="0.003">
    <failure type="java.lang.NullPointerException" message="Cannot invoke &amp;quot;PageModel.ShadowDeck.clickElemento(org.openqa.selenium.By)&amp;quot; because &amp;quot;this.sd&amp;quot; is null">
      <![CDATA[java.lang.NullPointerException: Cannot invoke "PageModel.ShadowDeck.clickElemento(org.openqa.selenium.By)" because "this.sd" is null
at DeckBuildTest.TestDeckBuild.test_2_Construccion(TestDeckBuild.java:105)
at java.base/java.util.ArrayList.forEach(ArrayList.java:1511)
at java.base/java.util.concurrent.FutureTask.run(FutureTask.java:264)
at java.base/java.util.concurrent.ThreadPoolExecutor.runWorker(ThreadPoolExecutor.java:1136)
at java.base/java.util.concurrent.ThreadPoolExecutor$Worker.run(ThreadPoolExecutor.java:635)
at java.base/java.lang.Thread.run(Thread.java:833)
... Removed 17 stack frames]]>
    </failure>
  </testcase> <!-- test_2_Construccion -->
  <testcase classname="DeckBuildTest.TestDeckBuild" name="test_3_Code" time="0.003">
    <failure type="java.lang.NullPointerException" message="Cannot invoke &amp;quot;PageModel.ShadowDeck.checkTotal()&amp;quot; because &amp;quot;this.sd&amp;quot; is null">
      <![CDATA[java.lang.NullPointerException: Cannot invoke "PageModel.ShadowDeck.checkTotal()" because "this.sd" is null
at DeckBuildTest.TestDeckBuild.test_3_Code(TestDeckBuild.java:121)
at java.base/java.util.ArrayList.forEach(ArrayList.java:1511)
at java.base/java.util.concurrent.FutureTask.run(FutureTask.java:264)
at java.base/java.util.concurrent.ThreadPoolExecutor.runWorker(ThreadPoolExecutor.java:1136)
at java.base/java.util.concurrent.ThreadPoolExecutor$Worker.run(ThreadPoolExecutor.java:635)
at java.base/java.lang.Thread.run(Thread.java:833)
... Removed 18 stack frames]]>
    </failure>
  </testcase> <!-- test_3_Code -->
</testsuite> <!-- EDGE -->
