<?xml version="1.0" encoding="UTF-8"?>
<!-- Generated by org.testng.reporters.JUnitXMLReporter -->
<testsuite ignored="0" hostname="elzevir-N56VB" failures="0" tests="17" name="EDGE" time="133.23" errors="0" timestamp="2022-06-29T20:45:08 ART">
  <testcase classname="DeckBuildTest.TestDeckBuild" name="test_1_Navegacion" time="31.436"/>
  <testcase classname="DeckBuildTest.TestDeckBuild" name="test_2_Construccion" time="10.747"/>
  <testcase classname="DeckBuildTest.TestDeckBuild" name="test_2_Construccion" time="1.885"/>
  <testcase classname="DeckBuildTest.TestDeckBuild" name="test_2_Construccion" time="9.399"/>
  <testcase classname="DeckBuildTest.TestDeckBuild" name="test_2_Construccion" time="1.616"/>
  <testcase classname="DeckBuildTest.TestDeckBuild" name="test_2_Construccion" time="1.629"/>
  <testcase classname="DeckBuildTest.TestDeckBuild" name="test_2_Construccion" time="1.693"/>
  <testcase classname="DeckBuildTest.TestDeckBuild" name="test_2_Construccion" time="1.772"/>
  <testcase classname="DeckBuildTest.TestDeckBuild" name="test_2_Construccion" time="1.811"/>
  <testcase classname="DeckBuildTest.TestDeckBuild" name="test_2_Construccion" time="12.5"/>
  <testcase classname="DeckBuildTest.TestDeckBuild" name="test_2_Construccion" time="1.159"/>
  <testcase classname="DeckBuildTest.TestDeckBuild" name="test_2_Construccion" time="1.865"/>
  <testcase classname="DeckBuildTest.TestDeckBuild" name="test_2_Construccion" time="1.859"/>
  <testcase classname="DeckBuildTest.TestDeckBuild" name="test_2_Construccion" time="8.242"/>
  <testcase classname="DeckBuildTest.TestDeckBuild" name="test_2_Construccion" time="1.174"/>
  <testcase classname="DeckBuildTest.TestDeckBuild" name="test_2_Construccion" time="1.54"/>
  <testcase classname="DeckBuildTest.TestDeckBuild" name="test_3_Code" time="0.149"/>
</testsuite> <!-- EDGE -->
