<html>
<head>
<title>TestNG:  FIREFOX</title>
<link href="../testng.css" rel="stylesheet" type="text/css" />
<link href="../my-testng.css" rel="stylesheet" type="text/css" />

<style type="text/css">
.log { display: none;} 
.stack-trace { display: none;} 
</style>
<script type="text/javascript">
<!--
function flip(e) {
  current = e.style.display;
  if (current == 'block') {
    e.style.display = 'none';
    return 0;
  }
  else {
    e.style.display = 'block';
    return 1;
  }
}

function toggleBox(szDivId, elem, msg1, msg2)
{
  var res = -1;  if (document.getElementById) {
    res = flip(document.getElementById(szDivId));
  }
  else if (document.all) {
    // this is the way old msie versions work
    res = flip(document.all[szDivId]);
  }
  if(elem) {
    if(res == 0) elem.innerHTML = msg1; else elem.innerHTML = msg2;
  }

}

function toggleAllBoxes() {
  if (document.getElementsByTagName) {
    d = document.getElementsByTagName('div');
    for (i = 0; i < d.length; i++) {
      if (d[i].className == 'log') {
        flip(d[i]);
      }
    }
  }
}

// -->
</script>

</head>
<body>
<h2 align='center'>FIREFOX</h2><table border='1' align="center">
<tr>
<td>Tests passed/Failed/Skipped:</td><td>16/1/0</td>
</tr><tr>
<td>Started on:</td><td>Fri Mar 04 19:46:04 ART 2022</td>
</tr>
<tr><td>Total time:</td><td>61 seconds (61371 ms)</td>
</tr><tr>
<td>Included groups:</td><td></td>
</tr><tr>
<td>Excluded groups:</td><td></td>
</tr>
</table><p/>
<small><i>(Hover the method name to see the test class name)</i></small><p/>
<table width='100%' border='1' class='invocation-failed'>
<tr><td colspan='4' align='center'><b>FAILED TESTS</b></td></tr>
<tr><td><b>Test method</b></td>
<td width="30%"><b>Exception</b></td>
<td width="10%"><b>Time (seconds)</b></td>
<td><b>Instance</b></td>
</tr>
<tr>
<td title='DeckBuildTest.TestDeckBuild.test_2_Construccion()'><b>test_2_Construccion</b><br>Test class: DeckBuildTest.TestDeckBuild<br>Parameters: //img[contains(@src, 'C_118611010.png')], 3, Lic�ntropa Peleona</td>
<td><div><pre>org.openqa.selenium.NoSuchElementException: Unable to locate element: //img[contains(@src, &apos;C_118611010.png&apos;)]
For documentation on this error, please visit: https://selenium.dev/exceptions/#no_such_element
Build info: version: &apos;4.1.2&apos;, revision: &apos;9a5a329c5a&apos;
System info: host: &apos;elzevir-N56VB&apos;, ip: &apos;127.0.1.1&apos;, os.name: &apos;Linux&apos;, os.arch: &apos;amd64&apos;, os.version: &apos;5.13.0-30-generic&apos;, java.version: &apos;16.0.2&apos;
Driver info: org.openqa.selenium.remote.RemoteWebDriver
Command: [69caee53-3cd3-4e8d-b3a9-434a32588d15, findElement {using=xpath, value=//img[contains(@src, &apos;C_118611010.png&apos;)]}]
Capabilities {acceptInsecureCerts: true, browserName: firefox, browserVersion: 97.0, javascriptEnabled: true, moz:accessibilityChecks: false, moz:buildID: 20220202182137, moz:debuggerAddress: localhost:49892, moz:firefoxOptions: {}, moz:geckodriverVersion: 0.30.0, moz:headless: false, moz:processID: 61111, moz:profile: /tmp/rust_mozprofilebKpgiy, moz:shutdownTimeout: 60000, moz:useNonSpecCompliantPointerOrigin: false, moz:webdriverClick: true, pageLoadStrategy: normal, platform: ANY, platformName: ANY, platformVersion: 5.13.0-30-generic, proxy: Proxy(), se:cdp: ws://192.168.100.3:4444/ses..., se:cdpVersion: 85.0, setWindowRect: true, strictFileInteractability: false, timeouts: {implicit: 0, pageLoad: 300000, script: 30000}, unexpectedAlertBehaviour: ignore, unhandledPromptBehavior: ignore}
Session ID: 69caee53-3cd3-4e8d-b3a9-434a32588d15
	at org.openqa.selenium.remote.codec.w3c.W3CHttpResponseCodec.createException(W3CHttpResponseCodec.java:200)
	at org.openqa.selenium.remote.codec.w3c.W3CHttpResponseCodec.decode(W3CHttpResponseCodec.java:133)
	at org.openqa.selenium.remote.codec.w3c.W3CHttpResponseCodec.decode(W3CHttpResponseCodec.java:53)
	at org.openqa.selenium.remote.HttpCommandExecutor.execute(HttpCommandExecutor.java:184)
	at org.openqa.selenium.remote.TracedCommandExecutor.execute(TracedCommandExecutor.java:51)
	at org.openqa.selenium.remote.RemoteWebDriver.execute(RemoteWebDriver.java:558)
	at org.openqa.selenium.remote.ElementLocation$ElementFinder$2.findElement(ElementLocation.java:162)
	at org.openqa.selenium.remote.ElementLocation.findElement(ElementLocation.java:60)
	at org.openqa.selenium.remote.RemoteWebDriver.findElement(RemoteWebDriver.java:382)
	at org.openqa.selenium.remote.RemoteWebDriver.findElement(RemoteWebDriver.java:374)
	at PageModel.Base.clickCarta(Base.java:35)
	at DeckBuildTest.TestDeckBuild.test_2_Construccion(TestDeckBuild.java:104)
	at java.base/java.util.ArrayList.forEach(ArrayList.java:1511)
	at java.base/java.util.concurrent.FutureTask.run(FutureTask.java:264)
	at java.base/java.util.concurrent.ThreadPoolExecutor.runWorker(ThreadPoolExecutor.java:1130)
	at java.base/java.util.concurrent.ThreadPoolExecutor$Worker.run(ThreadPoolExecutor.java:630)
	at java.base/java.lang.Thread.run(Thread.java:831)
... Removed 22 stack frames</pre></div><a href='#' onClick='toggleBox("stack-trace236524067", this, "Click to show all stack frames", "Click to hide stack frames")'>Click to show all stack frames</a>
<div class='stack-trace' id='stack-trace236524067'><pre>org.openqa.selenium.NoSuchElementException: Unable to locate element: //img[contains(@src, &apos;C_118611010.png&apos;)]
For documentation on this error, please visit: https://selenium.dev/exceptions/#no_such_element
Build info: version: &apos;4.1.2&apos;, revision: &apos;9a5a329c5a&apos;
System info: host: &apos;elzevir-N56VB&apos;, ip: &apos;127.0.1.1&apos;, os.name: &apos;Linux&apos;, os.arch: &apos;amd64&apos;, os.version: &apos;5.13.0-30-generic&apos;, java.version: &apos;16.0.2&apos;
Driver info: org.openqa.selenium.remote.RemoteWebDriver
Command: [69caee53-3cd3-4e8d-b3a9-434a32588d15, findElement {using=xpath, value=//img[contains(@src, &apos;C_118611010.png&apos;)]}]
Capabilities {acceptInsecureCerts: true, browserName: firefox, browserVersion: 97.0, javascriptEnabled: true, moz:accessibilityChecks: false, moz:buildID: 20220202182137, moz:debuggerAddress: localhost:49892, moz:firefoxOptions: {}, moz:geckodriverVersion: 0.30.0, moz:headless: false, moz:processID: 61111, moz:profile: /tmp/rust_mozprofilebKpgiy, moz:shutdownTimeout: 60000, moz:useNonSpecCompliantPointerOrigin: false, moz:webdriverClick: true, pageLoadStrategy: normal, platform: ANY, platformName: ANY, platformVersion: 5.13.0-30-generic, proxy: Proxy(), se:cdp: ws://192.168.100.3:4444/ses..., se:cdpVersion: 85.0, setWindowRect: true, strictFileInteractability: false, timeouts: {implicit: 0, pageLoad: 300000, script: 30000}, unexpectedAlertBehaviour: ignore, unhandledPromptBehavior: ignore}
Session ID: 69caee53-3cd3-4e8d-b3a9-434a32588d15
	at java.base/jdk.internal.reflect.NativeConstructorAccessorImpl.newInstance0(Native Method)
	at java.base/jdk.internal.reflect.NativeConstructorAccessorImpl.newInstance(NativeConstructorAccessorImpl.java:78)
	at java.base/jdk.internal.reflect.DelegatingConstructorAccessorImpl.newInstance(DelegatingConstructorAccessorImpl.java:45)
	at java.base/java.lang.reflect.Constructor.newInstanceWithCaller(Constructor.java:499)
	at java.base/java.lang.reflect.Constructor.newInstance(Constructor.java:480)
	at org.openqa.selenium.remote.codec.w3c.W3CHttpResponseCodec.createException(W3CHttpResponseCodec.java:200)
	at org.openqa.selenium.remote.codec.w3c.W3CHttpResponseCodec.decode(W3CHttpResponseCodec.java:133)
	at org.openqa.selenium.remote.codec.w3c.W3CHttpResponseCodec.decode(W3CHttpResponseCodec.java:53)
	at org.openqa.selenium.remote.HttpCommandExecutor.execute(HttpCommandExecutor.java:184)
	at org.openqa.selenium.remote.TracedCommandExecutor.execute(TracedCommandExecutor.java:51)
	at org.openqa.selenium.remote.RemoteWebDriver.execute(RemoteWebDriver.java:558)
	at org.openqa.selenium.remote.ElementLocation$ElementFinder$2.findElement(ElementLocation.java:162)
	at org.openqa.selenium.remote.ElementLocation.findElement(ElementLocation.java:60)
	at org.openqa.selenium.remote.RemoteWebDriver.findElement(RemoteWebDriver.java:382)
	at org.openqa.selenium.remote.RemoteWebDriver.findElement(RemoteWebDriver.java:374)
	at PageModel.Base.clickCarta(Base.java:35)
	at DeckBuildTest.TestDeckBuild.test_2_Construccion(TestDeckBuild.java:104)
	at jdk.internal.reflect.GeneratedMethodAccessor36.invoke(Unknown Source)
	at java.base/jdk.internal.reflect.DelegatingMethodAccessorImpl.invoke(DelegatingMethodAccessorImpl.java:43)
	at java.base/java.lang.reflect.Method.invoke(Method.java:567)
	at org.testng.internal.MethodInvocationHelper.invokeMethod(MethodInvocationHelper.java:133)
	at org.testng.internal.TestInvoker.invokeMethod(TestInvoker.java:598)
	at org.testng.internal.TestInvoker.invokeTestMethod(TestInvoker.java:173)
	at org.testng.internal.MethodRunner.runInSequence(MethodRunner.java:46)
	at org.testng.internal.TestInvoker$MethodInvocationAgent.invoke(TestInvoker.java:824)
	at org.testng.internal.TestInvoker.invokeTestMethods(TestInvoker.java:146)
	at org.testng.internal.TestMethodWorker.invokeTestMethods(TestMethodWorker.java:146)
	at org.testng.internal.TestMethodWorker.run(TestMethodWorker.java:128)
	at java.base/java.util.ArrayList.forEach(ArrayList.java:1511)
	at org.testng.TestRunner.privateRun(TestRunner.java:794)
	at org.testng.TestRunner.run(TestRunner.java:596)
	at org.testng.SuiteRunner.runTest(SuiteRunner.java:377)
	at org.testng.SuiteRunner.access$000(SuiteRunner.java:28)
	at org.testng.SuiteRunner$SuiteWorker.run(SuiteRunner.java:418)
	at org.testng.internal.thread.ThreadUtil.lambda$execute$0(ThreadUtil.java:64)
	at java.base/java.util.concurrent.FutureTask.run(FutureTask.java:264)
	at java.base/java.util.concurrent.ThreadPoolExecutor.runWorker(ThreadPoolExecutor.java:1130)
	at java.base/java.util.concurrent.ThreadPoolExecutor$Worker.run(ThreadPoolExecutor.java:630)
	at java.base/java.lang.Thread.run(Thread.java:831)
</pre></div></td>
<td>0</td>
<td>DeckBuildTest.TestDeckBuild@35010a6b</td></tr>
</table><p>
<table width='100%' border='1' class='invocation-passed'>
<tr><td colspan='4' align='center'><b>PASSED TESTS</b></td></tr>
<tr><td><b>Test method</b></td>
<td width="30%"><b>Exception</b></td>
<td width="10%"><b>Time (seconds)</b></td>
<td><b>Instance</b></td>
</tr>
<tr>
<td title='DeckBuildTest.TestDeckBuild.test_2_Construccion()'><b>test_2_Construccion</b><br>Test class: DeckBuildTest.TestDeckBuild<br>Parameters: //img[contains(@src, 'C_119611010.png')], 3, Vampiro Carmesí</td>
<td></td>
<td>1</td>
<td>DeckBuildTest.TestDeckBuild@35010a6b</td></tr>
<tr>
<td title='DeckBuildTest.TestDeckBuild.test_2_Construccion()'><b>test_2_Construccion</b><br>Test class: DeckBuildTest.TestDeckBuild<br>Parameters: //img[contains(@src, 'C_122621010.png')], 3, Diabla Señorial</td>
<td></td>
<td>1</td>
<td>DeckBuildTest.TestDeckBuild@35010a6b</td></tr>
<tr>
<td title='DeckBuildTest.TestDeckBuild.test_2_Construccion()'><b>test_2_Construccion</b><br>Test class: DeckBuildTest.TestDeckBuild<br>Parameters: //img[contains(@src, 'C_119631020.png')], 2, Caballera Oscura del Purgatorio</td>
<td></td>
<td>1</td>
<td>DeckBuildTest.TestDeckBuild@35010a6b</td></tr>
<tr>
<td title='DeckBuildTest.TestDeckBuild.test_2_Construccion()'><b>test_2_Construccion</b><br>Test class: DeckBuildTest.TestDeckBuild<br>Parameters: //img[contains(@src, 'C_120621010.png')], 3, Diabla de los Accesorios</td>
<td></td>
<td>1</td>
<td>DeckBuildTest.TestDeckBuild@35010a6b</td></tr>
<tr>
<td title='DeckBuildTest.TestDeckBuild.test_2_Construccion()'><b>test_2_Construccion</b><br>Test class: DeckBuildTest.TestDeckBuild<br>Parameters: //img[contains(@src, 'C_100614020.png')], 3, Garra Afilada</td>
<td></td>
<td>2</td>
<td>DeckBuildTest.TestDeckBuild@35010a6b</td></tr>
<tr>
<td title='DeckBuildTest.TestDeckBuild.test_2_Construccion()'><b>test_2_Construccion</b><br>Test class: DeckBuildTest.TestDeckBuild<br>Parameters: //img[contains(@src, 'C_122613010.png')], 3, Colgante de Sangre Fresca</td>
<td></td>
<td>1</td>
<td>DeckBuildTest.TestDeckBuild@35010a6b</td></tr>
<tr>
<td title='DeckBuildTest.TestDeckBuild.test_2_Construccion()'><b>test_2_Construccion</b><br>Test class: DeckBuildTest.TestDeckBuild<br>Parameters: //img[contains(@src, 'C_121611030.png')], 3, Ogro de la Desolación</td>
<td></td>
<td>3</td>
<td>DeckBuildTest.TestDeckBuild@35010a6b</td></tr>
<tr>
<td title='DeckBuildTest.TestDeckBuild.test_2_Construccion()'><b>test_2_Construccion</b><br>Test class: DeckBuildTest.TestDeckBuild<br>Parameters: //img[contains(@src, 'C_122634010.png')], 3, Orden Oscura</td>
<td></td>
<td>1</td>
<td>DeckBuildTest.TestDeckBuild@35010a6b</td></tr>
<tr>
<td title='DeckBuildTest.TestDeckBuild.test_2_Construccion()'><b>test_2_Construccion</b><br>Test class: DeckBuildTest.TestDeckBuild<br>Parameters: //img[contains(@src, 'C_122621020.png')], 3, Lobo Oscuro Traicionero</td>
<td></td>
<td>1</td>
<td>DeckBuildTest.TestDeckBuild@35010a6b</td></tr>
<tr>
<td title='DeckBuildTest.TestDeckBuild.test_2_Construccion()'><b>test_2_Construccion</b><br>Test class: DeckBuildTest.TestDeckBuild<br>Parameters: //img[contains(@src, 'C_121641020.png')], 2, Gran Demonio de las Fieras</td>
<td></td>
<td>1</td>
<td>DeckBuildTest.TestDeckBuild@35010a6b</td></tr>
<tr>
<td title='DeckBuildTest.TestDeckBuild.test_2_Construccion()'><b>test_2_Construccion</b><br>Test class: DeckBuildTest.TestDeckBuild<br>Parameters: //img[contains(@src, 'C_119641020.png')], 1, Xeno-Diabolos</td>
<td></td>
<td>0</td>
<td>DeckBuildTest.TestDeckBuild@35010a6b</td></tr>
<tr>
<td title='DeckBuildTest.TestDeckBuild.test_3_Code()'><b>test_3_Code</b><br>Test class: DeckBuildTest.TestDeckBuild</td>
<td></td>
<td>0</td>
<td>DeckBuildTest.TestDeckBuild@35010a6b</td></tr>
<tr>
<td title='DeckBuildTest.TestDeckBuild.test_1_Navegacion()'><b>test_1_Navegacion</b><br>Test class: DeckBuildTest.TestDeckBuild</td>
<td></td>
<td>20</td>
<td>DeckBuildTest.TestDeckBuild@35010a6b</td></tr>
<tr>
<td title='DeckBuildTest.TestDeckBuild.test_2_Construccion()'><b>test_2_Construccion</b><br>Test class: DeckBuildTest.TestDeckBuild<br>Parameters: //img[contains(@src, 'C_121641030.png')], 3, Urias, Vampiro del Fin</td>
<td></td>
<td>1</td>
<td>DeckBuildTest.TestDeckBuild@35010a6b</td></tr>
<tr>
<td title='DeckBuildTest.TestDeckBuild.test_2_Construccion()'><b>test_2_Construccion</b><br>Test class: DeckBuildTest.TestDeckBuild<br>Parameters: //img[contains(@src, 'C_122641020.png')], 3, Vampira del Cielo Nocturno</td>
<td></td>
<td>1</td>
<td>DeckBuildTest.TestDeckBuild@35010a6b</td></tr>
<tr>
<td title='DeckBuildTest.TestDeckBuild.test_2_Construccion()'><b>test_2_Construccion</b><br>Test class: DeckBuildTest.TestDeckBuild<br>Parameters: //img[contains(@src, 'C_121631010.png')], 2, Diva Demoniaca</td>
<td></td>
<td>1</td>
<td>DeckBuildTest.TestDeckBuild@35010a6b</td></tr>
</table><p>
</body>
</html>