<?xml version="1.0" encoding="UTF-8"?>
<!-- Generated by org.testng.reporters.JUnitXMLReporter -->
<testsuite ignored="0" hostname="elzevir-N56VB" failures="0" tests="17" name="FIREFOX" time="90.275" errors="0" timestamp="2022-06-29T20:49:04 ART">
  <testcase classname="DeckBuildTest.TestDeckBuild" name="test_1_Navegacion" time="27.607"/>
  <testcase classname="DeckBuildTest.TestDeckBuild" name="test_2_Construccion" time="1.253"/>
  <testcase classname="DeckBuildTest.TestDeckBuild" name="test_2_Construccion" time="1.221"/>
  <testcase classname="DeckBuildTest.TestDeckBuild" name="test_2_Construccion" time="19.739"/>
  <testcase classname="DeckBuildTest.TestDeckBuild" name="test_2_Construccion" time="1.108"/>
  <testcase classname="DeckBuildTest.TestDeckBuild" name="test_2_Construccion" time="17.379"/>
  <testcase classname="DeckBuildTest.TestDeckBuild" name="test_2_Construccion" time="1.278"/>
  <testcase classname="DeckBuildTest.TestDeckBuild" name="test_2_Construccion" time="1.275"/>
  <testcase classname="DeckBuildTest.TestDeckBuild" name="test_2_Construccion" time="1.308"/>
  <testcase classname="DeckBuildTest.TestDeckBuild" name="test_2_Construccion" time="0.861"/>
  <testcase classname="DeckBuildTest.TestDeckBuild" name="test_2_Construccion" time="0.892"/>
  <testcase classname="DeckBuildTest.TestDeckBuild" name="test_2_Construccion" time="1.299"/>
  <testcase classname="DeckBuildTest.TestDeckBuild" name="test_2_Construccion" time="1.14"/>
  <testcase classname="DeckBuildTest.TestDeckBuild" name="test_2_Construccion" time="0.397"/>
  <testcase classname="DeckBuildTest.TestDeckBuild" name="test_2_Construccion" time="0.743"/>
  <testcase classname="DeckBuildTest.TestDeckBuild" name="test_2_Construccion" time="1.198"/>
  <testcase classname="DeckBuildTest.TestDeckBuild" name="test_3_Code" time="0.147"/>
</testsuite> <!-- FIREFOX -->
