<?xml version="1.0" encoding="UTF-8"?>
<!-- Generated by org.testng.reporters.JUnitXMLReporter -->
<testsuite ignored="0" hostname="DESKTOP-B60PPSI" failures="0" tests="17" name="OPERA" time="123.768" errors="0" timestamp="2022-03-03T16:28:27 ART">
  <testcase classname="DeckBuildTest.TestDeckBuild" name="test_1_Navegacion" time="46.972"/>
  <testcase classname="DeckBuildTest.TestDeckBuild" name="test_2_Construccion" time="1.684"/>
  <testcase classname="DeckBuildTest.TestDeckBuild" name="test_2_Construccion" time="1.831"/>
  <testcase classname="DeckBuildTest.TestDeckBuild" name="test_2_Construccion" time="7.685"/>
  <testcase classname="DeckBuildTest.TestDeckBuild" name="test_2_Construccion" time="1.978"/>
  <testcase classname="DeckBuildTest.TestDeckBuild" name="test_2_Construccion" time="1.883"/>
  <testcase classname="DeckBuildTest.TestDeckBuild" name="test_2_Construccion" time="1.883"/>
  <testcase classname="DeckBuildTest.TestDeckBuild" name="test_2_Construccion" time="1.926"/>
  <testcase classname="DeckBuildTest.TestDeckBuild" name="test_2_Construccion" time="1.951"/>
  <testcase classname="DeckBuildTest.TestDeckBuild" name="test_2_Construccion" time="1.491"/>
  <testcase classname="DeckBuildTest.TestDeckBuild" name="test_2_Construccion" time="1.34"/>
  <testcase classname="DeckBuildTest.TestDeckBuild" name="test_2_Construccion" time="2.064"/>
  <testcase classname="DeckBuildTest.TestDeckBuild" name="test_2_Construccion" time="2.135"/>
  <testcase classname="DeckBuildTest.TestDeckBuild" name="test_2_Construccion" time="1.001"/>
  <testcase classname="DeckBuildTest.TestDeckBuild" name="test_2_Construccion" time="1.458"/>
  <testcase classname="DeckBuildTest.TestDeckBuild" name="test_2_Construccion" time="2.08"/>
  <testcase classname="DeckBuildTest.TestDeckBuild" name="test_3_Code" time="0.281"/>
</testsuite> <!-- OPERA -->
